DEPRECATION WARNING: ActiveRecord::Base.raise_in_transactional_callbacks= is deprecated, has no effect and will be removed without replacement. (called from <top (required)> at /Users/appacademy/Desktop/app-academy/curriculum/html-css/projects/aa_times/skeleton/config/environment.rb:5)
DEPRECATION WARNING: Passing #original_exception is deprecated and has no effect. Exceptions will automatically capture the original exception. (called from require at /Users/appacademy/Desktop/app-academy/curriculum/html-css/projects/aa_times/skeleton/bin/rails:9)
DEPRECATION WARNING: ActiveRecord::Base.raise_in_transactional_callbacks= is deprecated, has no effect and will be removed without replacement. (called from require at /Users/appacademy/Desktop/app-academy/curriculum/html-css/projects/aa_times/skeleton/bin/rails:9)
  [1m[35m (6.2ms)[0m  [1m[35mCREATE TABLE "schema_migrations" ("version" varchar NOT NULL PRIMARY KEY)[0m
  [1m[35m (2.7ms)[0m  [1m[35mCREATE TABLE "ar_internal_metadata" ("key" varchar NOT NULL PRIMARY KEY, "value" varchar, "created_at" datetime NOT NULL, "updated_at" datetime NOT NULL)[0m
  [1m[36mActiveRecord::InternalMetadata Load (0.3ms)[0m  [1m[34mSELECT  "ar_internal_metadata".* FROM "ar_internal_metadata" WHERE "ar_internal_metadata"."key" = ? LIMIT ?[0m  [["key", "environment"], ["LIMIT", 1]]
  [1m[35m (0.1ms)[0m  [1m[36mbegin transaction[0m
  [1m[35mSQL (0.5ms)[0m  [1m[32mINSERT INTO "ar_internal_metadata" ("key", "value", "created_at", "updated_at") VALUES (?, ?, ?, ?)[0m  [["key", "environment"], ["value", "development"], ["created_at", "2018-05-08 13:28:35.437337"], ["updated_at", "2018-05-08 13:28:35.437337"]]
  [1m[35m (2.2ms)[0m  [1m[36mcommit transaction[0m
  [1m[36mActiveRecord::SchemaMigration Load (0.1ms)[0m  [1m[34mSELECT "schema_migrations".* FROM "schema_migrations"[0m
Started GET "/" for ::1 at 2018-05-08 09:29:10 -0400
DEPRECATION WARNING: ActiveRecord::Base.raise_in_transactional_callbacks= is deprecated, has no effect and will be removed without replacement. (called from block (3 levels) in <class:Railtie> at /usr/local/var/rbenv/versions/2.3.1/lib/ruby/gems/2.3.0/gems/activerecord-5.0.7/lib/active_record/railtie.rb:113)
Processing by StaticPagesController#index as HTML
  Rendering static_pages/index.html.erb within layouts/application
  Rendered shared/_main_nav.html.erb (0.7ms)
  Rendered shared/_masthead.html.erb (0.5ms)
  Rendered shared/_sections_nav.html.erb (0.9ms)
  Rendered shared/_search_modal.html.erb (0.5ms)
  Rendered shared/_main_content.html.erb (0.4ms)
  Rendered static_pages/index.html.erb within layouts/application (32.0ms)
Completed 200 OK in 817ms (Views: 810.1ms | ActiveRecord: 0.0ms)


Started GET "/assets/components/dropdown.self-815016af6fab1d5b72abd319213bf62f0c42bab2c585d2e059543ae704a0d74c.js?body=1" for ::1 at 2018-05-08 09:29:11 -0400
Started GET "/assets/components/modal.self-52188644dbb47def5ee35ae02e69eb567ca9b664472357a8a5789dd39032a265.js?body=1" for ::1 at 2018-05-08 09:29:11 -0400
Started GET "/assets/components/sidebar.self-2a1277f850a6fa21e1a974ef5152f177ac05516477d5081d593bb137b3d6808b.js?body=1" for ::1 at 2018-05-08 09:29:11 -0400
Started GET "/assets/application.self-f571b9db02bf4ed04c38a6a29072ac382f7d4f47db1fab9817aeadb0d8665235.js?body=1" for ::1 at 2018-05-08 09:29:11 -0400
Started GET "/assets/application.self-b663423749731f7aefc12aab04903643ffbbfafb45fcfb66496adb852614caef.css?body=1" for ::1 at 2018-05-08 09:29:11 -0400
Started GET "/" for ::1 at 2018-11-19 11:18:16 -0800
DEPRECATION WARNING: ActiveRecord::Base.raise_in_transactional_callbacks= is deprecated, has no effect and will be removed without replacement. (called from block (3 levels) in <class:Railtie> at /usr/local/var/rbenv/versions/2.5.0/lib/ruby/gems/2.5.0/gems/activerecord-5.0.7/lib/active_record/railtie.rb:113)
Processing by StaticPagesController#index as HTML
  Rendering static_pages/index.html.erb within layouts/application
  Rendered shared/_main_nav.html.erb (0.5ms)
  Rendered shared/_masthead.html.erb (0.2ms)
  Rendered shared/_sections_nav.html.erb (0.3ms)
  Rendered shared/_search_modal.html.erb (0.6ms)
  Rendered shared/_main_content.html.erb (0.3ms)
  Rendered static_pages/index.html.erb within layouts/application (21.7ms)
Completed 200 OK in 898ms (Views: 895.4ms | ActiveRecord: 0.0ms)


Started GET "/assets/jquery_ujs.self-784a997f6726036b1993eb2217c9cb558e1cbb801c6da88105588c56f13b466a.js?body=1" for ::1 at 2018-11-19 11:18:17 -0800
Started GET "/assets/application.self-b669685521e7bbb976dd44d1bb8734f919d93ea75f3749c1cd6eda4f2b563613.css?body=1" for ::1 at 2018-11-19 11:18:17 -0800
Started GET "/assets/jquery.self-bd7ddd393353a8d2480a622e80342adf488fb6006d667e8b42e4c0073393abee.js?body=1" for ::1 at 2018-11-19 11:18:17 -0800
Started GET "/assets/components/dropdown.self-815016af6fab1d5b72abd319213bf62f0c42bab2c585d2e059543ae704a0d74c.js?body=1" for ::1 at 2018-11-19 11:18:17 -0800
Started GET "/assets/components/modal.self-52188644dbb47def5ee35ae02e69eb567ca9b664472357a8a5789dd39032a265.js?body=1" for ::1 at 2018-11-19 11:18:17 -0800
Started GET "/assets/components/sidebar.self-2a1277f850a6fa21e1a974ef5152f177ac05516477d5081d593bb137b3d6808b.js?body=1" for ::1 at 2018-11-19 11:18:17 -0800
Started GET "/assets/application.self-f571b9db02bf4ed04c38a6a29072ac382f7d4f47db1fab9817aeadb0d8665235.js?body=1" for ::1 at 2018-11-19 11:18:17 -0800
Started GET "/" for ::1 at 2018-11-19 11:23:03 -0800
Processing by StaticPagesController#index as HTML
  Rendering static_pages/index.html.erb within layouts/application
  Rendered shared/_main_nav.html.erb (0.4ms)
  Rendered shared/_masthead.html.erb (0.4ms)
  Rendered shared/_sections_nav.html.erb (0.4ms)
  Rendered shared/_search_modal.html.erb (0.3ms)
  Rendered shared/_main_content.html.erb (0.6ms)
  Rendered static_pages/index.html.erb within layouts/application (16.3ms)
Completed 200 OK in 42ms (Views: 38.4ms | ActiveRecord: 0.0ms)


Started GET "/assets/application.self-b669685521e7bbb976dd44d1bb8734f919d93ea75f3749c1cd6eda4f2b563613.css?body=1&livereload=1542655424822" for ::1 at 2018-11-19 11:23:44 -0800
Started GET "/assets/application.self-b669685521e7bbb976dd44d1bb8734f919d93ea75f3749c1cd6eda4f2b563613.css?body=1&livereload=1542655424824" for ::1 at 2018-11-19 11:23:44 -0800
Started GET "/assets/application.self-b669685521e7bbb976dd44d1bb8734f919d93ea75f3749c1cd6eda4f2b563613.css?body=1&livereload=1542655460673" for ::1 at 2018-11-19 11:24:20 -0800
Started GET "/assets/application.self-b669685521e7bbb976dd44d1bb8734f919d93ea75f3749c1cd6eda4f2b563613.css?body=1&livereload=1542655460674" for ::1 at 2018-11-19 11:24:20 -0800
Started GET "/assets/application.self-b669685521e7bbb976dd44d1bb8734f919d93ea75f3749c1cd6eda4f2b563613.css?body=1&livereload=1542655463156" for ::1 at 2018-11-19 11:24:23 -0800
Started GET "/assets/application.self-b669685521e7bbb976dd44d1bb8734f919d93ea75f3749c1cd6eda4f2b563613.css?body=1&livereload=1542655463156&livereload=1542655463156" for ::1 at 2018-11-19 11:24:23 -0800
Started GET "/assets/application.self-b669685521e7bbb976dd44d1bb8734f919d93ea75f3749c1cd6eda4f2b563613.css?body=1&livereload=1542655464906&livereload=1542655463156" for ::1 at 2018-11-19 11:24:24 -0800
Started GET "/assets/application.self-b669685521e7bbb976dd44d1bb8734f919d93ea75f3749c1cd6eda4f2b563613.css?body=1&livereload=1542655464907&livereload=1542655463156" for ::1 at 2018-11-19 11:24:24 -0800
Started GET "/assets/application.self-b669685521e7bbb976dd44d1bb8734f919d93ea75f3749c1cd6eda4f2b563613.css?body=1&livereload=1542655471792&livereload=1542655463156" for ::1 at 2018-11-19 11:24:31 -0800
Started GET "/assets/application.self-b669685521e7bbb976dd44d1bb8734f919d93ea75f3749c1cd6eda4f2b563613.css?body=1&livereload=1542655471793&livereload=1542655463156" for ::1 at 2018-11-19 11:24:31 -0800
Started GET "/" for ::1 at 2018-11-19 11:24:49 -0800
Processing by StaticPagesController#index as HTML
  Rendering static_pages/index.html.erb within layouts/application
  Rendered shared/_main_nav.html.erb (0.5ms)
  Rendered shared/_masthead.html.erb (0.5ms)
  Rendered shared/_sections_nav.html.erb (0.5ms)
  Rendered shared/_search_modal.html.erb (0.3ms)
  Rendered shared/_main_content.html.erb (0.3ms)
  Rendered static_pages/index.html.erb within layouts/application (18.8ms)
Completed 500 Internal Server Error in 60ms (ActiveRecord: 0.0ms)



Sass::SyntaxError - Invalid CSS after "  font": expected ";", was ":":
  app/views/layouts/application.html.erb:7:in `_app_views_layouts_application_html_erb__958655137670134151_70263723738760'

Started POST "/__better_errors/3c6a8ac2a84d2b8d/variables" for ::1 at 2018-11-19 11:24:49 -0800
Started GET "/" for ::1 at 2018-11-19 11:25:00 -0800
Processing by StaticPagesController#index as HTML
  Rendering static_pages/index.html.erb within layouts/application
  Rendered shared/_main_nav.html.erb (0.4ms)
  Rendered shared/_masthead.html.erb (0.4ms)
  Rendered shared/_sections_nav.html.erb (0.8ms)
  Rendered shared/_search_modal.html.erb (0.7ms)
  Rendered shared/_main_content.html.erb (0.9ms)
  Rendered static_pages/index.html.erb within layouts/application (18.4ms)
Completed 200 OK in 197ms (Views: 194.3ms | ActiveRecord: 0.0ms)


Started GET "/assets/application.self-4270509a2f7b0fe7270bfeeaa1a07b4562625f70bae855858ca884c82485c261.css?body=1" for ::1 at 2018-11-19 11:25:00 -0800
Started GET "/assets/application.self-4270509a2f7b0fe7270bfeeaa1a07b4562625f70bae855858ca884c82485c261.css?body=1&livereload=1542655507487" for ::1 at 2018-11-19 11:25:07 -0800
Started GET "/assets/application.self-4270509a2f7b0fe7270bfeeaa1a07b4562625f70bae855858ca884c82485c261.css?body=1&livereload=1542655507488" for ::1 at 2018-11-19 11:25:07 -0800
Started GET "/assets/application.self-4270509a2f7b0fe7270bfeeaa1a07b4562625f70bae855858ca884c82485c261.css?body=1&livereload=1542655511524" for ::1 at 2018-11-19 11:25:11 -0800
Started GET "/assets/application.self-4270509a2f7b0fe7270bfeeaa1a07b4562625f70bae855858ca884c82485c261.css?body=1&livereload=1542655511525" for ::1 at 2018-11-19 11:25:11 -0800
Started GET "/assets/application.self-4270509a2f7b0fe7270bfeeaa1a07b4562625f70bae855858ca884c82485c261.css?body=1&livereload=1542655535049" for ::1 at 2018-11-19 11:25:35 -0800
Started GET "/assets/application.self-4270509a2f7b0fe7270bfeeaa1a07b4562625f70bae855858ca884c82485c261.css?body=1&livereload=1542655535049&livereload=1542655535049" for ::1 at 2018-11-19 11:25:35 -0800
Started GET "/assets/application.self-4270509a2f7b0fe7270bfeeaa1a07b4562625f70bae855858ca884c82485c261.css?body=1&livereload=1542655555616&livereload=1542655535049" for ::1 at 2018-11-19 11:25:55 -0800
Started GET "/assets/application.self-4270509a2f7b0fe7270bfeeaa1a07b4562625f70bae855858ca884c82485c261.css?body=1&livereload=1542655555617&livereload=1542655535049" for ::1 at 2018-11-19 11:25:55 -0800
Started GET "/assets/application.self-4270509a2f7b0fe7270bfeeaa1a07b4562625f70bae855858ca884c82485c261.css?body=1&livereload=1542655563165&livereload=1542655535049" for ::1 at 2018-11-19 11:26:03 -0800
Started GET "/assets/application.self-4270509a2f7b0fe7270bfeeaa1a07b4562625f70bae855858ca884c82485c261.css?body=1&livereload=1542655563167&livereload=1542655535049" for ::1 at 2018-11-19 11:26:03 -0800
Started GET "/assets/application.self-4270509a2f7b0fe7270bfeeaa1a07b4562625f70bae855858ca884c82485c261.css?body=1&livereload=1542655565833&livereload=1542655535049" for ::1 at 2018-11-19 11:26:05 -0800
Started GET "/assets/application.self-4270509a2f7b0fe7270bfeeaa1a07b4562625f70bae855858ca884c82485c261.css?body=1&livereload=1542655565834&livereload=1542655535049" for ::1 at 2018-11-19 11:26:05 -0800
Started GET "/assets/application.self-4270509a2f7b0fe7270bfeeaa1a07b4562625f70bae855858ca884c82485c261.css?body=1&livereload=1542655632180&livereload=1542655535049" for ::1 at 2018-11-19 11:27:12 -0800
Started GET "/assets/application.self-4270509a2f7b0fe7270bfeeaa1a07b4562625f70bae855858ca884c82485c261.css?body=1&livereload=1542655632184&livereload=1542655535049" for ::1 at 2018-11-19 11:27:12 -0800
Started GET "/assets/application.self-4270509a2f7b0fe7270bfeeaa1a07b4562625f70bae855858ca884c82485c261.css?body=1&livereload=1542655633285&livereload=1542655535049" for ::1 at 2018-11-19 11:27:13 -0800
Started GET "/assets/application.self-4270509a2f7b0fe7270bfeeaa1a07b4562625f70bae855858ca884c82485c261.css?body=1&livereload=1542655633286&livereload=1542655535049" for ::1 at 2018-11-19 11:27:13 -0800
Started GET "/assets/application.self-4270509a2f7b0fe7270bfeeaa1a07b4562625f70bae855858ca884c82485c261.css?body=1&livereload=1542655638517&livereload=1542655535049" for ::1 at 2018-11-19 11:27:18 -0800
Started GET "/assets/application.self-4270509a2f7b0fe7270bfeeaa1a07b4562625f70bae855858ca884c82485c261.css?body=1&livereload=1542655638518&livereload=1542655535049" for ::1 at 2018-11-19 11:27:18 -0800
Started GET "/assets/application.self-4270509a2f7b0fe7270bfeeaa1a07b4562625f70bae855858ca884c82485c261.css?body=1&livereload=1542655647730&livereload=1542655535049" for ::1 at 2018-11-19 11:27:27 -0800
Started GET "/assets/application.self-4270509a2f7b0fe7270bfeeaa1a07b4562625f70bae855858ca884c82485c261.css?body=1&livereload=1542655647731&livereload=1542655535049" for ::1 at 2018-11-19 11:27:27 -0800
Started GET "/assets/application.self-4270509a2f7b0fe7270bfeeaa1a07b4562625f70bae855858ca884c82485c261.css?body=1&livereload=1542655648653&livereload=1542655535049" for ::1 at 2018-11-19 11:27:28 -0800
Started GET "/assets/application.self-4270509a2f7b0fe7270bfeeaa1a07b4562625f70bae855858ca884c82485c261.css?body=1&livereload=1542655648654&livereload=1542655535049" for ::1 at 2018-11-19 11:27:28 -0800
Started GET "/assets/application.self-4270509a2f7b0fe7270bfeeaa1a07b4562625f70bae855858ca884c82485c261.css?body=1&livereload=1542655696095&livereload=1542655535049" for ::1 at 2018-11-19 11:28:16 -0800
Started GET "/assets/application.self-4270509a2f7b0fe7270bfeeaa1a07b4562625f70bae855858ca884c82485c261.css?body=1&livereload=1542655696096&livereload=1542655535049" for ::1 at 2018-11-19 11:28:16 -0800
Started GET "/assets/application.self-4270509a2f7b0fe7270bfeeaa1a07b4562625f70bae855858ca884c82485c261.css?body=1&livereload=1542655698212&livereload=1542655535049" for ::1 at 2018-11-19 11:28:18 -0800
Started GET "/assets/application.self-4270509a2f7b0fe7270bfeeaa1a07b4562625f70bae855858ca884c82485c261.css?body=1&livereload=1542655698214&livereload=1542655535049" for ::1 at 2018-11-19 11:28:18 -0800
Started GET "/assets/application.self-4270509a2f7b0fe7270bfeeaa1a07b4562625f70bae855858ca884c82485c261.css?body=1&livereload=1542655702073&livereload=1542655535049" for ::1 at 2018-11-19 11:28:22 -0800
Started GET "/assets/application.self-4270509a2f7b0fe7270bfeeaa1a07b4562625f70bae855858ca884c82485c261.css?body=1&livereload=1542655702074&livereload=1542655535049" for ::1 at 2018-11-19 11:28:22 -0800
Started GET "/assets/application.self-4270509a2f7b0fe7270bfeeaa1a07b4562625f70bae855858ca884c82485c261.css?body=1&livereload=1542655713611&livereload=1542655535049" for ::1 at 2018-11-19 11:28:33 -0800
Started GET "/assets/application.self-4270509a2f7b0fe7270bfeeaa1a07b4562625f70bae855858ca884c82485c261.css?body=1&livereload=1542655713612&livereload=1542655535049" for ::1 at 2018-11-19 11:28:33 -0800
Started GET "/assets/application.self-4270509a2f7b0fe7270bfeeaa1a07b4562625f70bae855858ca884c82485c261.css?body=1&livereload=1542655721532&livereload=1542655535049" for ::1 at 2018-11-19 11:28:41 -0800
Started GET "/assets/application.self-4270509a2f7b0fe7270bfeeaa1a07b4562625f70bae855858ca884c82485c261.css?body=1&livereload=1542655721533&livereload=1542655535049" for ::1 at 2018-11-19 11:28:41 -0800
Started GET "/assets/application.self-4270509a2f7b0fe7270bfeeaa1a07b4562625f70bae855858ca884c82485c261.css?body=1&livereload=1542655735118&livereload=1542655535049" for ::1 at 2018-11-19 11:28:55 -0800
Started GET "/assets/application.self-4270509a2f7b0fe7270bfeeaa1a07b4562625f70bae855858ca884c82485c261.css?body=1&livereload=1542655735119&livereload=1542655535049" for ::1 at 2018-11-19 11:28:55 -0800
Started GET "/assets/application.self-4270509a2f7b0fe7270bfeeaa1a07b4562625f70bae855858ca884c82485c261.css?body=1&livereload=1542655752638&livereload=1542655535049" for ::1 at 2018-11-19 11:29:12 -0800
Started GET "/assets/application.self-4270509a2f7b0fe7270bfeeaa1a07b4562625f70bae855858ca884c82485c261.css?body=1&livereload=1542655752639&livereload=1542655535049" for ::1 at 2018-11-19 11:29:12 -0800
Started GET "/assets/application.self-4270509a2f7b0fe7270bfeeaa1a07b4562625f70bae855858ca884c82485c261.css?body=1&livereload=1542655758142&livereload=1542655535049" for ::1 at 2018-11-19 11:29:18 -0800
Started GET "/assets/application.self-4270509a2f7b0fe7270bfeeaa1a07b4562625f70bae855858ca884c82485c261.css?body=1&livereload=1542655758143&livereload=1542655535049" for ::1 at 2018-11-19 11:29:18 -0800
Started GET "/assets/application.self-4270509a2f7b0fe7270bfeeaa1a07b4562625f70bae855858ca884c82485c261.css?body=1&livereload=1542655772952&livereload=1542655535049" for ::1 at 2018-11-19 11:29:32 -0800
Started GET "/assets/application.self-4270509a2f7b0fe7270bfeeaa1a07b4562625f70bae855858ca884c82485c261.css?body=1&livereload=1542655772954&livereload=1542655535049" for ::1 at 2018-11-19 11:29:32 -0800
Started GET "/assets/application.self-4270509a2f7b0fe7270bfeeaa1a07b4562625f70bae855858ca884c82485c261.css?body=1&livereload=1542655777838&livereload=1542655535049" for ::1 at 2018-11-19 11:29:37 -0800
Started GET "/assets/application.self-4270509a2f7b0fe7270bfeeaa1a07b4562625f70bae855858ca884c82485c261.css?body=1&livereload=1542655777840&livereload=1542655535049" for ::1 at 2018-11-19 11:29:37 -0800
Started GET "/assets/application.self-4270509a2f7b0fe7270bfeeaa1a07b4562625f70bae855858ca884c82485c261.css?body=1&livereload=1542655792065&livereload=1542655535049" for ::1 at 2018-11-19 11:29:52 -0800
Started GET "/assets/application.self-4270509a2f7b0fe7270bfeeaa1a07b4562625f70bae855858ca884c82485c261.css?body=1&livereload=1542655792066&livereload=1542655535049" for ::1 at 2018-11-19 11:29:52 -0800
Started GET "/assets/application.self-4270509a2f7b0fe7270bfeeaa1a07b4562625f70bae855858ca884c82485c261.css?body=1&livereload=1542655800336&livereload=1542655535049" for ::1 at 2018-11-19 11:30:00 -0800
Started GET "/assets/application.self-4270509a2f7b0fe7270bfeeaa1a07b4562625f70bae855858ca884c82485c261.css?body=1&livereload=1542655800337&livereload=1542655535049" for ::1 at 2018-11-19 11:30:00 -0800
Started GET "/assets/application.self-4270509a2f7b0fe7270bfeeaa1a07b4562625f70bae855858ca884c82485c261.css?body=1&livereload=1542655802189&livereload=1542655535049" for ::1 at 2018-11-19 11:30:02 -0800
Started GET "/assets/application.self-4270509a2f7b0fe7270bfeeaa1a07b4562625f70bae855858ca884c82485c261.css?body=1&livereload=1542655802190&livereload=1542655535049" for ::1 at 2018-11-19 11:30:02 -0800
Started GET "/" for ::1 at 2018-11-19 11:30:08 -0800
Processing by StaticPagesController#index as HTML
  Rendering static_pages/index.html.erb within layouts/application
  Rendered shared/_main_nav.html.erb (0.5ms)
  Rendered shared/_masthead.html.erb (0.5ms)
  Rendered shared/_sections_nav.html.erb (0.3ms)
  Rendered shared/_search_modal.html.erb (0.5ms)
  Rendered shared/_main_content.html.erb (0.3ms)
  Rendered static_pages/index.html.erb within layouts/application (17.9ms)
Completed 200 OK in 260ms (Views: 233.2ms | ActiveRecord: 0.0ms)


Started GET "/assets/application.self-dc472779705d5a27f86b99d39a946c8e9c359e40734f9d676af19e6383050d17.css?body=1" for ::1 at 2018-11-19 11:30:09 -0800
Started GET "/assets/application.self-dc472779705d5a27f86b99d39a946c8e9c359e40734f9d676af19e6383050d17.css?body=1&livereload=1542655813092" for ::1 at 2018-11-19 11:30:13 -0800
Started GET "/assets/application.self-dc472779705d5a27f86b99d39a946c8e9c359e40734f9d676af19e6383050d17.css?body=1&livereload=1542655813093" for ::1 at 2018-11-19 11:30:13 -0800
Started GET "/assets/application.self-dc472779705d5a27f86b99d39a946c8e9c359e40734f9d676af19e6383050d17.css?body=1&livereload=1542655853210" for ::1 at 2018-11-19 11:30:53 -0800
Started GET "/assets/application.self-dc472779705d5a27f86b99d39a946c8e9c359e40734f9d676af19e6383050d17.css?body=1&livereload=1542655853211" for ::1 at 2018-11-19 11:30:53 -0800
Started GET "/assets/application.self-dc472779705d5a27f86b99d39a946c8e9c359e40734f9d676af19e6383050d17.css?body=1&livereload=1542655854411" for ::1 at 2018-11-19 11:30:54 -0800
Started GET "/assets/application.self-dc472779705d5a27f86b99d39a946c8e9c359e40734f9d676af19e6383050d17.css?body=1&livereload=1542655854412" for ::1 at 2018-11-19 11:30:54 -0800
Started GET "/assets/application.self-dc472779705d5a27f86b99d39a946c8e9c359e40734f9d676af19e6383050d17.css?body=1&livereload=1542655855878" for ::1 at 2018-11-19 11:30:55 -0800
Started GET "/assets/application.self-dc472779705d5a27f86b99d39a946c8e9c359e40734f9d676af19e6383050d17.css?body=1&livereload=1542655855877" for ::1 at 2018-11-19 11:30:55 -0800
Started GET "/assets/application.self-dc472779705d5a27f86b99d39a946c8e9c359e40734f9d676af19e6383050d17.css?body=1&livereload=1542655863511" for ::1 at 2018-11-19 11:31:03 -0800
Started GET "/assets/application.self-dc472779705d5a27f86b99d39a946c8e9c359e40734f9d676af19e6383050d17.css?body=1&livereload=1542655863512" for ::1 at 2018-11-19 11:31:03 -0800
Started GET "/assets/application.self-dc472779705d5a27f86b99d39a946c8e9c359e40734f9d676af19e6383050d17.css?body=1&livereload=1542655883694" for ::1 at 2018-11-19 11:31:23 -0800
Started GET "/assets/application.self-dc472779705d5a27f86b99d39a946c8e9c359e40734f9d676af19e6383050d17.css?body=1&livereload=1542655883695" for ::1 at 2018-11-19 11:31:23 -0800
Started GET "/assets/application.self-dc472779705d5a27f86b99d39a946c8e9c359e40734f9d676af19e6383050d17.css?body=1&livereload=1542655895264" for ::1 at 2018-11-19 11:31:35 -0800
Started GET "/assets/application.self-dc472779705d5a27f86b99d39a946c8e9c359e40734f9d676af19e6383050d17.css?body=1&livereload=1542655895266" for ::1 at 2018-11-19 11:31:35 -0800
Started GET "/assets/application.self-dc472779705d5a27f86b99d39a946c8e9c359e40734f9d676af19e6383050d17.css?body=1&livereload=1542655902620" for ::1 at 2018-11-19 11:31:42 -0800
Started GET "/assets/application.self-dc472779705d5a27f86b99d39a946c8e9c359e40734f9d676af19e6383050d17.css?body=1&livereload=1542655902621" for ::1 at 2018-11-19 11:31:42 -0800
Started GET "/assets/application.self-dc472779705d5a27f86b99d39a946c8e9c359e40734f9d676af19e6383050d17.css?body=1&livereload=1542655922164" for ::1 at 2018-11-19 11:32:02 -0800
Started GET "/assets/application.self-dc472779705d5a27f86b99d39a946c8e9c359e40734f9d676af19e6383050d17.css?body=1&livereload=1542655922165" for ::1 at 2018-11-19 11:32:02 -0800
Started GET "/assets/application.self-dc472779705d5a27f86b99d39a946c8e9c359e40734f9d676af19e6383050d17.css?body=1&livereload=1542655928888" for ::1 at 2018-11-19 11:32:08 -0800
Started GET "/assets/application.self-dc472779705d5a27f86b99d39a946c8e9c359e40734f9d676af19e6383050d17.css?body=1&livereload=1542655928888&livereload=1542655928888" for ::1 at 2018-11-19 11:32:08 -0800
Started GET "/assets/application.self-dc472779705d5a27f86b99d39a946c8e9c359e40734f9d676af19e6383050d17.css?body=1&livereload=1542655942569&livereload=1542655928888" for ::1 at 2018-11-19 11:32:22 -0800
Started GET "/assets/application.self-dc472779705d5a27f86b99d39a946c8e9c359e40734f9d676af19e6383050d17.css?body=1&livereload=1542655942569&livereload=1542655928888&livereload=1542655942569" for ::1 at 2018-11-19 11:32:22 -0800
Started GET "/assets/application.self-dc472779705d5a27f86b99d39a946c8e9c359e40734f9d676af19e6383050d17.css?body=1&livereload=1542655994786&livereload=1542655928888&livereload=1542655942569" for ::1 at 2018-11-19 11:33:14 -0800
Started GET "/assets/application.self-dc472779705d5a27f86b99d39a946c8e9c359e40734f9d676af19e6383050d17.css?body=1&livereload=1542655994787&livereload=1542655928888&livereload=1542655942569" for ::1 at 2018-11-19 11:33:14 -0800
Started GET "/assets/application.self-dc472779705d5a27f86b99d39a946c8e9c359e40734f9d676af19e6383050d17.css?body=1&livereload=1542656066048&livereload=1542655928888&livereload=1542655942569" for ::1 at 2018-11-19 11:34:26 -0800
Started GET "/assets/application.self-dc472779705d5a27f86b99d39a946c8e9c359e40734f9d676af19e6383050d17.css?body=1&livereload=1542656066049&livereload=1542655928888&livereload=1542655942569" for ::1 at 2018-11-19 11:34:26 -0800
Started GET "/assets/application.self-dc472779705d5a27f86b99d39a946c8e9c359e40734f9d676af19e6383050d17.css?body=1&livereload=1542656083699&livereload=1542655928888&livereload=1542655942569" for ::1 at 2018-11-19 11:34:43 -0800
Started GET "/assets/application.self-dc472779705d5a27f86b99d39a946c8e9c359e40734f9d676af19e6383050d17.css?body=1&livereload=1542656083700&livereload=1542655928888&livereload=1542655942569" for ::1 at 2018-11-19 11:34:43 -0800
Started GET "/assets/application.self-dc472779705d5a27f86b99d39a946c8e9c359e40734f9d676af19e6383050d17.css?body=1&livereload=1542656087190&livereload=1542655928888&livereload=1542655942569" for ::1 at 2018-11-19 11:34:47 -0800
Started GET "/assets/application.self-dc472779705d5a27f86b99d39a946c8e9c359e40734f9d676af19e6383050d17.css?body=1&livereload=1542656087193&livereload=1542655928888&livereload=1542655942569" for ::1 at 2018-11-19 11:34:47 -0800
Started GET "/assets/application.self-dc472779705d5a27f86b99d39a946c8e9c359e40734f9d676af19e6383050d17.css?body=1&livereload=1542656111067&livereload=1542655928888&livereload=1542655942569" for ::1 at 2018-11-19 11:35:11 -0800
Started GET "/assets/application.self-dc472779705d5a27f86b99d39a946c8e9c359e40734f9d676af19e6383050d17.css?body=1&livereload=1542656111068&livereload=1542655928888&livereload=1542655942569" for ::1 at 2018-11-19 11:35:11 -0800
Started GET "/assets/application.self-dc472779705d5a27f86b99d39a946c8e9c359e40734f9d676af19e6383050d17.css?body=1&livereload=1542656112902&livereload=1542655928888&livereload=1542655942569" for ::1 at 2018-11-19 11:35:12 -0800
Started GET "/assets/application.self-dc472779705d5a27f86b99d39a946c8e9c359e40734f9d676af19e6383050d17.css?body=1&livereload=1542656112902&livereload=1542655928888&livereload=1542655942569&livereload=1542656112902" for ::1 at 2018-11-19 11:35:12 -0800
Started GET "/assets/application.self-dc472779705d5a27f86b99d39a946c8e9c359e40734f9d676af19e6383050d17.css?body=1&livereload=1542656119160&livereload=1542655928888&livereload=1542655942569&livereload=1542656112902" for ::1 at 2018-11-19 11:35:19 -0800
Started GET "/assets/application.self-dc472779705d5a27f86b99d39a946c8e9c359e40734f9d676af19e6383050d17.css?body=1&livereload=1542656119161&livereload=1542655928888&livereload=1542655942569&livereload=1542656112902" for ::1 at 2018-11-19 11:35:19 -0800
Started GET "/assets/application.self-dc472779705d5a27f86b99d39a946c8e9c359e40734f9d676af19e6383050d17.css?body=1&livereload=1542656129462&livereload=1542655928888&livereload=1542655942569&livereload=1542656112902" for ::1 at 2018-11-19 11:35:29 -0800
Started GET "/assets/application.self-dc472779705d5a27f86b99d39a946c8e9c359e40734f9d676af19e6383050d17.css?body=1&livereload=1542656129461&livereload=1542655928888&livereload=1542655942569&livereload=1542656112902" for ::1 at 2018-11-19 11:35:29 -0800
Started GET "/assets/application.self-dc472779705d5a27f86b99d39a946c8e9c359e40734f9d676af19e6383050d17.css?body=1&livereload=1542656131852&livereload=1542655928888&livereload=1542655942569&livereload=1542656112902" for ::1 at 2018-11-19 11:35:31 -0800
Started GET "/assets/application.self-dc472779705d5a27f86b99d39a946c8e9c359e40734f9d676af19e6383050d17.css?body=1&livereload=1542656131854&livereload=1542655928888&livereload=1542655942569&livereload=1542656112902" for ::1 at 2018-11-19 11:35:31 -0800
Started GET "/" for ::1 at 2018-11-19 11:37:20 -0800
Processing by StaticPagesController#index as HTML
  Rendering static_pages/index.html.erb within layouts/application
  Rendered shared/_main_nav.html.erb (0.6ms)
  Rendered shared/_masthead.html.erb (0.5ms)
  Rendered shared/_sections_nav.html.erb (0.4ms)
  Rendered shared/_search_modal.html.erb (0.6ms)
  Rendered shared/_main_content.html.erb (0.5ms)
  Rendered static_pages/index.html.erb within layouts/application (18.7ms)
Completed 200 OK in 49ms (Views: 46.7ms | ActiveRecord: 0.0ms)


Started GET "/assets/application.self-8e9667c912d5b0c0b093792b84d0bd792186f186163bcef2a756a08584b209d2.css?body=1" for ::1 at 2018-11-19 11:37:20 -0800
Started GET "/" for ::1 at 2018-11-19 11:37:35 -0800
Processing by StaticPagesController#index as HTML
  Rendering static_pages/index.html.erb within layouts/application
  Rendered shared/_main_nav.html.erb (0.6ms)
  Rendered shared/_masthead.html.erb (0.3ms)
  Rendered shared/_sections_nav.html.erb (0.4ms)
  Rendered shared/_search_modal.html.erb (0.5ms)
  Rendered shared/_main_content.html.erb (0.5ms)
  Rendered static_pages/index.html.erb within layouts/application (17.7ms)
Completed 200 OK in 43ms (Views: 40.8ms | ActiveRecord: 0.0ms)


Started GET "/" for ::1 at 2018-11-19 11:37:46 -0800
Processing by StaticPagesController#index as HTML
  Rendering static_pages/index.html.erb within layouts/application
  Rendered shared/_main_nav.html.erb (0.5ms)
  Rendered shared/_masthead.html.erb (0.5ms)
  Rendered shared/_sections_nav.html.erb (0.4ms)
  Rendered shared/_search_modal.html.erb (0.5ms)
  Rendered shared/_main_content.html.erb (0.5ms)
  Rendered static_pages/index.html.erb within layouts/application (18.4ms)
Completed 200 OK in 44ms (Views: 41.8ms | ActiveRecord: 0.0ms)


Started GET "/" for ::1 at 2018-11-19 11:38:38 -0800
Processing by StaticPagesController#index as HTML
  Rendering static_pages/index.html.erb within layouts/application
  Rendered shared/_main_nav.html.erb (0.5ms)
  Rendered shared/_masthead.html.erb (0.3ms)
  Rendered shared/_sections_nav.html.erb (0.3ms)
  Rendered shared/_search_modal.html.erb (0.3ms)
  Rendered shared/_main_content.html.erb (0.5ms)
  Rendered static_pages/index.html.erb within layouts/application (15.9ms)
Completed 200 OK in 42ms (Views: 38.3ms | ActiveRecord: 0.0ms)


Started GET "/" for ::1 at 2018-11-19 11:38:41 -0800
Processing by StaticPagesController#index as HTML
  Rendering static_pages/index.html.erb within layouts/application
  Rendered shared/_main_nav.html.erb (0.4ms)
  Rendered shared/_masthead.html.erb (0.5ms)
  Rendered shared/_sections_nav.html.erb (0.7ms)
  Rendered shared/_search_modal.html.erb (0.5ms)
  Rendered shared/_main_content.html.erb (0.3ms)
  Rendered static_pages/index.html.erb within layouts/application (17.0ms)
Completed 200 OK in 41ms (Views: 39.4ms | ActiveRecord: 0.0ms)


Started GET "/" for ::1 at 2018-11-19 11:38:47 -0800
Processing by StaticPagesController#index as HTML
  Rendering static_pages/index.html.erb within layouts/application
  Rendered shared/_main_nav.html.erb (0.4ms)
  Rendered shared/_masthead.html.erb (0.5ms)
  Rendered shared/_sections_nav.html.erb (0.4ms)
  Rendered shared/_search_modal.html.erb (0.3ms)
  Rendered shared/_main_content.html.erb (0.3ms)
  Rendered static_pages/index.html.erb within layouts/application (16.0ms)
Completed 200 OK in 39ms (Views: 35.9ms | ActiveRecord: 0.0ms)


Started GET "/" for ::1 at 2018-11-19 11:38:52 -0800
Processing by StaticPagesController#index as HTML
  Rendering static_pages/index.html.erb within layouts/application
  Rendered shared/_main_nav.html.erb (0.4ms)
  Rendered shared/_masthead.html.erb (0.3ms)
  Rendered shared/_sections_nav.html.erb (0.7ms)
  Rendered shared/_search_modal.html.erb (0.6ms)
  Rendered shared/_main_content.html.erb (0.4ms)
  Rendered static_pages/index.html.erb within layouts/application (18.5ms)
Completed 200 OK in 45ms (Views: 42.8ms | ActiveRecord: 0.0ms)


Started GET "/" for ::1 at 2018-11-19 11:40:38 -0800
Processing by StaticPagesController#index as HTML
  Rendering static_pages/index.html.erb within layouts/application
  Rendered shared/_main_nav.html.erb (0.4ms)
  Rendered shared/_masthead.html.erb (0.4ms)
  Rendered shared/_sections_nav.html.erb (0.2ms)
  Rendered shared/_search_modal.html.erb (0.5ms)
  Rendered shared/_main_content.html.erb (0.3ms)
  Rendered static_pages/index.html.erb within layouts/application (14.0ms)
Completed 200 OK in 61ms (Views: 40.6ms | ActiveRecord: 0.0ms)


Started GET "/" for ::1 at 2018-11-19 11:40:41 -0800
Processing by StaticPagesController#index as HTML
  Rendering static_pages/index.html.erb within layouts/application
  Rendered shared/_main_nav.html.erb (0.5ms)
  Rendered shared/_masthead.html.erb (0.5ms)
  Rendered shared/_sections_nav.html.erb (0.5ms)
  Rendered shared/_search_modal.html.erb (0.4ms)
  Rendered shared/_main_content.html.erb (0.4ms)
  Rendered static_pages/index.html.erb within layouts/application (16.9ms)
Completed 200 OK in 42ms (Views: 37.9ms | ActiveRecord: 0.0ms)


Started GET "/" for ::1 at 2018-11-19 11:43:02 -0800
Processing by StaticPagesController#index as HTML
  Rendering static_pages/index.html.erb within layouts/application
  Rendered shared/_main_nav.html.erb (0.4ms)
  Rendered shared/_masthead.html.erb (0.3ms)
  Rendered shared/_sections_nav.html.erb (0.3ms)
  Rendered shared/_search_modal.html.erb (0.6ms)
  Rendered shared/_main_content.html.erb (0.6ms)
  Rendered static_pages/index.html.erb within layouts/application (15.0ms)
Completed 200 OK in 72ms (Views: 51.6ms | ActiveRecord: 0.0ms)


Started GET "/assets/application.self-8e9667c912d5b0c0b093792b84d0bd792186f186163bcef2a756a08584b209d2.css?body=1&livereload=1542656662867" for ::1 at 2018-11-19 11:44:22 -0800
Started GET "/assets/application.self-8e9667c912d5b0c0b093792b84d0bd792186f186163bcef2a756a08584b209d2.css?body=1&livereload=1542656662868" for ::1 at 2018-11-19 11:44:22 -0800
Started GET "/assets/application.self-8e9667c912d5b0c0b093792b84d0bd792186f186163bcef2a756a08584b209d2.css?body=1&livereload=1542656698596" for ::1 at 2018-11-19 11:44:58 -0800
Started GET "/assets/application.self-8e9667c912d5b0c0b093792b84d0bd792186f186163bcef2a756a08584b209d2.css?body=1&livereload=1542656698597" for ::1 at 2018-11-19 11:44:58 -0800
Started GET "/assets/application.self-8e9667c912d5b0c0b093792b84d0bd792186f186163bcef2a756a08584b209d2.css?body=1&livereload=1542656711747" for ::1 at 2018-11-19 11:45:11 -0800
Started GET "/assets/application.self-8e9667c912d5b0c0b093792b84d0bd792186f186163bcef2a756a08584b209d2.css?body=1&livereload=1542656711748" for ::1 at 2018-11-19 11:45:11 -0800
Started GET "/assets/application.self-8e9667c912d5b0c0b093792b84d0bd792186f186163bcef2a756a08584b209d2.css?body=1&livereload=1542656723942" for ::1 at 2018-11-19 11:45:24 -0800
Started GET "/assets/application.self-8e9667c912d5b0c0b093792b84d0bd792186f186163bcef2a756a08584b209d2.css?body=1&livereload=1542656723942&livereload=1542656723942" for ::1 at 2018-11-19 11:45:24 -0800
Started GET "/assets/application.self-8e9667c912d5b0c0b093792b84d0bd792186f186163bcef2a756a08584b209d2.css?body=1&livereload=1542656865550&livereload=1542656723942" for ::1 at 2018-11-19 11:47:45 -0800
Started GET "/assets/application.self-8e9667c912d5b0c0b093792b84d0bd792186f186163bcef2a756a08584b209d2.css?body=1&livereload=1542656865550&livereload=1542656723942&livereload=1542656865550" for ::1 at 2018-11-19 11:47:45 -0800
Started GET "/assets/application.self-8e9667c912d5b0c0b093792b84d0bd792186f186163bcef2a756a08584b209d2.css?body=1&livereload=1542656906107&livereload=1542656723942&livereload=1542656865550" for ::1 at 2018-11-19 11:48:26 -0800
Started GET "/assets/application.self-8e9667c912d5b0c0b093792b84d0bd792186f186163bcef2a756a08584b209d2.css?body=1&livereload=1542656906108&livereload=1542656723942&livereload=1542656865550" for ::1 at 2018-11-19 11:48:26 -0800
Started GET "/assets/application.self-8e9667c912d5b0c0b093792b84d0bd792186f186163bcef2a756a08584b209d2.css?body=1&livereload=1542656915334&livereload=1542656723942&livereload=1542656865550" for ::1 at 2018-11-19 11:48:35 -0800
Started GET "/assets/application.self-8e9667c912d5b0c0b093792b84d0bd792186f186163bcef2a756a08584b209d2.css?body=1&livereload=1542656915335&livereload=1542656723942&livereload=1542656865550" for ::1 at 2018-11-19 11:48:35 -0800
Started GET "/assets/application.self-8e9667c912d5b0c0b093792b84d0bd792186f186163bcef2a756a08584b209d2.css?body=1&livereload=1542656975817&livereload=1542656723942&livereload=1542656865550" for ::1 at 2018-11-19 11:49:35 -0800
Started GET "/assets/application.self-8e9667c912d5b0c0b093792b84d0bd792186f186163bcef2a756a08584b209d2.css?body=1&livereload=1542656975818&livereload=1542656723942&livereload=1542656865550" for ::1 at 2018-11-19 11:49:35 -0800
Started GET "/assets/application.self-8e9667c912d5b0c0b093792b84d0bd792186f186163bcef2a756a08584b209d2.css?body=1&livereload=1542657007218&livereload=1542656723942&livereload=1542656865550" for ::1 at 2018-11-19 11:50:07 -0800
Started GET "/assets/application.self-8e9667c912d5b0c0b093792b84d0bd792186f186163bcef2a756a08584b209d2.css?body=1&livereload=1542657007219&livereload=1542656723942&livereload=1542656865550" for ::1 at 2018-11-19 11:50:07 -0800
Started GET "/assets/application.self-8e9667c912d5b0c0b093792b84d0bd792186f186163bcef2a756a08584b209d2.css?body=1&livereload=1542657019063&livereload=1542656723942&livereload=1542656865550" for ::1 at 2018-11-19 11:50:19 -0800
Started GET "/assets/application.self-8e9667c912d5b0c0b093792b84d0bd792186f186163bcef2a756a08584b209d2.css?body=1&livereload=1542657019061&livereload=1542656723942&livereload=1542656865550" for ::1 at 2018-11-19 11:50:19 -0800
Started GET "/assets/application.self-8e9667c912d5b0c0b093792b84d0bd792186f186163bcef2a756a08584b209d2.css?body=1&livereload=1542657040474&livereload=1542656723942&livereload=1542656865550" for ::1 at 2018-11-19 11:50:40 -0800
Started GET "/assets/application.self-8e9667c912d5b0c0b093792b84d0bd792186f186163bcef2a756a08584b209d2.css?body=1&livereload=1542657040476&livereload=1542656723942&livereload=1542656865550" for ::1 at 2018-11-19 11:50:40 -0800
Started GET "/assets/application.self-8e9667c912d5b0c0b093792b84d0bd792186f186163bcef2a756a08584b209d2.css?body=1&livereload=1542657115373&livereload=1542656723942&livereload=1542656865550" for ::1 at 2018-11-19 11:51:55 -0800
Started GET "/assets/application.self-8e9667c912d5b0c0b093792b84d0bd792186f186163bcef2a756a08584b209d2.css?body=1&livereload=1542657115375&livereload=1542656723942&livereload=1542656865550" for ::1 at 2018-11-19 11:51:55 -0800
Started GET "/assets/application.self-8e9667c912d5b0c0b093792b84d0bd792186f186163bcef2a756a08584b209d2.css?body=1&livereload=1542657120985&livereload=1542656723942&livereload=1542656865550" for ::1 at 2018-11-19 11:52:00 -0800
Started GET "/assets/application.self-8e9667c912d5b0c0b093792b84d0bd792186f186163bcef2a756a08584b209d2.css?body=1&livereload=1542657120986&livereload=1542656723942&livereload=1542656865550" for ::1 at 2018-11-19 11:52:00 -0800
Started GET "/assets/application.self-8e9667c912d5b0c0b093792b84d0bd792186f186163bcef2a756a08584b209d2.css?body=1&livereload=1542657180061&livereload=1542656723942&livereload=1542656865550" for ::1 at 2018-11-19 11:53:00 -0800
Started GET "/assets/application.self-8e9667c912d5b0c0b093792b84d0bd792186f186163bcef2a756a08584b209d2.css?body=1&livereload=1542657180061&livereload=1542656723942&livereload=1542656865550&livereload=1542657180061" for ::1 at 2018-11-19 11:53:00 -0800
Started GET "/assets/application.self-8e9667c912d5b0c0b093792b84d0bd792186f186163bcef2a756a08584b209d2.css?body=1&livereload=1542657184290&livereload=1542656723942&livereload=1542656865550&livereload=1542657180061" for ::1 at 2018-11-19 11:53:04 -0800
Started GET "/assets/application.self-8e9667c912d5b0c0b093792b84d0bd792186f186163bcef2a756a08584b209d2.css?body=1&livereload=1542657184292&livereload=1542656723942&livereload=1542656865550&livereload=1542657180061" for ::1 at 2018-11-19 11:53:04 -0800
Started GET "/assets/application.self-8e9667c912d5b0c0b093792b84d0bd792186f186163bcef2a756a08584b209d2.css?body=1&livereload=1542657190092&livereload=1542656723942&livereload=1542656865550&livereload=1542657180061" for ::1 at 2018-11-19 11:53:10 -0800
Started GET "/assets/application.self-8e9667c912d5b0c0b093792b84d0bd792186f186163bcef2a756a08584b209d2.css?body=1&livereload=1542657190094&livereload=1542656723942&livereload=1542656865550&livereload=1542657180061" for ::1 at 2018-11-19 11:53:10 -0800
Started GET "/assets/application.self-8e9667c912d5b0c0b093792b84d0bd792186f186163bcef2a756a08584b209d2.css?body=1&livereload=1542657202042&livereload=1542656723942&livereload=1542656865550&livereload=1542657180061" for ::1 at 2018-11-19 11:53:22 -0800
Started GET "/assets/application.self-8e9667c912d5b0c0b093792b84d0bd792186f186163bcef2a756a08584b209d2.css?body=1&livereload=1542657202042&livereload=1542656723942&livereload=1542656865550&livereload=1542657180061&livereload=1542657202042" for ::1 at 2018-11-19 11:53:22 -0800
Started GET "/assets/application.self-8e9667c912d5b0c0b093792b84d0bd792186f186163bcef2a756a08584b209d2.css?body=1&livereload=1542657224040&livereload=1542656723942&livereload=1542656865550&livereload=1542657180061&livereload=1542657202042" for ::1 at 2018-11-19 11:53:44 -0800
Started GET "/assets/application.self-8e9667c912d5b0c0b093792b84d0bd792186f186163bcef2a756a08584b209d2.css?body=1&livereload=1542657224040&livereload=1542656723942&livereload=1542656865550&livereload=1542657180061&livereload=1542657202042&livereload=1542657224040" for ::1 at 2018-11-19 11:53:44 -0800
Started GET "/assets/application.self-8e9667c912d5b0c0b093792b84d0bd792186f186163bcef2a756a08584b209d2.css?body=1&livereload=1542657247712&livereload=1542656723942&livereload=1542656865550&livereload=1542657180061&livereload=1542657202042&livereload=1542657224040" for ::1 at 2018-11-19 11:54:07 -0800
Started GET "/assets/application.self-8e9667c912d5b0c0b093792b84d0bd792186f186163bcef2a756a08584b209d2.css?body=1&livereload=1542657247713&livereload=1542656723942&livereload=1542656865550&livereload=1542657180061&livereload=1542657202042&livereload=1542657224040" for ::1 at 2018-11-19 11:54:07 -0800
Started GET "/assets/application.self-8e9667c912d5b0c0b093792b84d0bd792186f186163bcef2a756a08584b209d2.css?body=1&livereload=1542657261912&livereload=1542656723942&livereload=1542656865550&livereload=1542657180061&livereload=1542657202042&livereload=1542657224040" for ::1 at 2018-11-19 11:54:21 -0800
Started GET "/assets/application.self-8e9667c912d5b0c0b093792b84d0bd792186f186163bcef2a756a08584b209d2.css?body=1&livereload=1542657261913&livereload=1542656723942&livereload=1542656865550&livereload=1542657180061&livereload=1542657202042&livereload=1542657224040" for ::1 at 2018-11-19 11:54:21 -0800
Started GET "/" for ::1 at 2018-11-19 11:56:02 -0800
Processing by StaticPagesController#index as HTML
  Rendering static_pages/index.html.erb within layouts/application
  Rendered shared/_main_nav.html.erb (0.2ms)
  Rendered shared/_masthead.html.erb (0.2ms)
  Rendered shared/_sections_nav.html.erb (0.3ms)
  Rendered shared/_search_modal.html.erb (0.4ms)
  Rendered shared/_main_content.html.erb (0.3ms)
  Rendered static_pages/index.html.erb within layouts/application (12.9ms)
Completed 200 OK in 130ms (Views: 110.6ms | ActiveRecord: 0.0ms)


Started GET "/assets/application.self-04324cb5c7d2786ff4ccae4572d9d6d4fd6999b6c625fc01807229e566d782a6.css?body=1" for ::1 at 2018-11-19 11:56:02 -0800
Started GET "/" for ::1 at 2018-11-19 11:57:33 -0800
Processing by StaticPagesController#index as HTML
  Rendering static_pages/index.html.erb within layouts/application
  Rendered shared/_gear_dropdown.html.erb (0.5ms)
  Rendered shared/_main_nav.html.erb (16.9ms)
  Rendered shared/_masthead.html.erb (0.3ms)
  Rendered shared/_sections_nav.html.erb (0.3ms)
  Rendered shared/_search_modal.html.erb (0.2ms)
  Rendered shared/_main_content.html.erb (0.2ms)
  Rendered static_pages/index.html.erb within layouts/application (32.7ms)
Completed 200 OK in 127ms (Views: 75.7ms | ActiveRecord: 0.0ms)


Started GET "/" for ::1 at 2018-11-19 11:57:40 -0800
Processing by StaticPagesController#index as HTML
  Rendering static_pages/index.html.erb within layouts/application
  Rendered shared/_gear_dropdown.html.erb (0.5ms)
  Rendered shared/_main_nav.html.erb (3.8ms)
  Rendered shared/_masthead.html.erb (0.3ms)
  Rendered shared/_sections_nav.html.erb (0.4ms)
  Rendered shared/_search_modal.html.erb (0.7ms)
  Rendered shared/_main_content.html.erb (0.4ms)
  Rendered static_pages/index.html.erb within layouts/application (20.7ms)
Completed 200 OK in 44ms (Views: 41.9ms | ActiveRecord: 0.0ms)


Started GET "/" for ::1 at 2018-11-19 11:58:35 -0800
Processing by StaticPagesController#index as HTML
  Rendering static_pages/index.html.erb within layouts/application
  Rendered shared/_main_nav.html.erb (0.3ms)
  Rendered shared/_masthead.html.erb (0.2ms)
  Rendered shared/_sections_nav.html.erb (0.2ms)
  Rendered shared/_search_modal.html.erb (0.2ms)
  Rendered shared/_main_content.html.erb (0.2ms)
  Rendered static_pages/index.html.erb within layouts/application (11.3ms)
Completed 200 OK in 60ms (Views: 40.2ms | ActiveRecord: 0.0ms)


Started GET "/" for ::1 at 2018-11-19 11:58:35 -0800
Processing by StaticPagesController#index as HTML
  Rendering static_pages/index.html.erb within layouts/application
  Rendered shared/_main_nav.html.erb (0.5ms)
  Rendered shared/_masthead.html.erb (0.5ms)
  Rendered shared/_sections_nav.html.erb (0.5ms)
  Rendered shared/_search_modal.html.erb (0.4ms)
  Rendered shared/_main_content.html.erb (0.3ms)
  Rendered static_pages/index.html.erb within layouts/application (17.9ms)
Completed 200 OK in 43ms (Views: 39.7ms | ActiveRecord: 0.0ms)


Started GET "/" for ::1 at 2018-11-19 11:58:38 -0800
Processing by StaticPagesController#index as HTML
  Rendering static_pages/index.html.erb within layouts/application
  Rendered shared/_main_nav.html.erb (0.4ms)
  Rendered shared/_masthead.html.erb (0.3ms)
  Rendered shared/_sections_nav.html.erb (0.5ms)
  Rendered shared/_search_modal.html.erb (0.6ms)
  Rendered shared/_main_content.html.erb (0.8ms)
  Rendered static_pages/index.html.erb within layouts/application (16.0ms)
Completed 200 OK in 44ms (Views: 41.6ms | ActiveRecord: 0.0ms)


Started GET "/" for ::1 at 2018-11-19 11:58:57 -0800
Processing by StaticPagesController#index as HTML
  Rendering static_pages/index.html.erb within layouts/application
  Rendered shared/_main_nav.html.erb (0.4ms)
  Rendered shared/_masthead.html.erb (0.3ms)
  Rendered shared/_sections_nav.html.erb (0.5ms)
  Rendered shared/_search_modal.html.erb (0.5ms)
  Rendered shared/_main_content.html.erb (0.3ms)
  Rendered static_pages/index.html.erb within layouts/application (16.6ms)
Completed 200 OK in 61ms (Views: 42.2ms | ActiveRecord: 0.0ms)


Started GET "/" for ::1 at 2018-11-19 11:59:07 -0800
Processing by StaticPagesController#index as HTML
  Rendering static_pages/index.html.erb within layouts/application
  Rendered shared/_main_nav.html.erb (0.4ms)
  Rendered shared/_masthead.html.erb (0.3ms)
  Rendered shared/_sections_nav.html.erb (0.3ms)
  Rendered shared/_search_modal.html.erb (0.4ms)
  Rendered shared/_main_content.html.erb (0.3ms)
  Rendered static_pages/index.html.erb within layouts/application (14.1ms)
Completed 200 OK in 39ms (Views: 35.3ms | ActiveRecord: 0.0ms)


Started GET "/" for ::1 at 2018-11-19 11:59:25 -0800
Processing by StaticPagesController#index as HTML
  Rendering static_pages/index.html.erb within layouts/application
  Rendered shared/_main_nav.html.erb (0.4ms)
  Rendered shared/_masthead.html.erb (0.2ms)
  Rendered shared/_sections_nav.html.erb (0.2ms)
  Rendered shared/_search_modal.html.erb (0.4ms)
  Rendered shared/_main_content.html.erb (0.3ms)
  Rendered static_pages/index.html.erb within layouts/application (14.0ms)
Completed 200 OK in 167ms (Views: 138.2ms | ActiveRecord: 0.0ms)


Started GET "/assets/application.self-04324cb5c7d2786ff4ccae4572d9d6d4fd6999b6c625fc01807229e566d782a6.css?body=1&livereload=1542657592948" for ::1 at 2018-11-19 11:59:52 -0800
Started GET "/assets/application.self-04324cb5c7d2786ff4ccae4572d9d6d4fd6999b6c625fc01807229e566d782a6.css?body=1&livereload=1542657592950" for ::1 at 2018-11-19 11:59:52 -0800
Started GET "/assets/application.self-04324cb5c7d2786ff4ccae4572d9d6d4fd6999b6c625fc01807229e566d782a6.css?body=1&livereload=1542657603723" for ::1 at 2018-11-19 12:00:03 -0800
Started GET "/assets/application.self-04324cb5c7d2786ff4ccae4572d9d6d4fd6999b6c625fc01807229e566d782a6.css?body=1&livereload=1542657603725" for ::1 at 2018-11-19 12:00:03 -0800
Started GET "/assets/application.self-04324cb5c7d2786ff4ccae4572d9d6d4fd6999b6c625fc01807229e566d782a6.css?body=1&livereload=1542657616356" for ::1 at 2018-11-19 12:00:16 -0800
Started GET "/assets/application.self-04324cb5c7d2786ff4ccae4572d9d6d4fd6999b6c625fc01807229e566d782a6.css?body=1&livereload=1542657616354" for ::1 at 2018-11-19 12:00:16 -0800
Started GET "/assets/application.self-04324cb5c7d2786ff4ccae4572d9d6d4fd6999b6c625fc01807229e566d782a6.css?body=1&livereload=1542657629924" for ::1 at 2018-11-19 12:00:29 -0800
Started GET "/assets/application.self-04324cb5c7d2786ff4ccae4572d9d6d4fd6999b6c625fc01807229e566d782a6.css?body=1&livereload=1542657629926" for ::1 at 2018-11-19 12:00:29 -0800
Started GET "/assets/application.self-04324cb5c7d2786ff4ccae4572d9d6d4fd6999b6c625fc01807229e566d782a6.css?body=1&livereload=1542657643861" for ::1 at 2018-11-19 12:00:43 -0800
Started GET "/assets/application.self-04324cb5c7d2786ff4ccae4572d9d6d4fd6999b6c625fc01807229e566d782a6.css?body=1&livereload=1542657643862" for ::1 at 2018-11-19 12:00:43 -0800
Started GET "/assets/application.self-04324cb5c7d2786ff4ccae4572d9d6d4fd6999b6c625fc01807229e566d782a6.css?body=1&livereload=1542657647762" for ::1 at 2018-11-19 12:00:47 -0800
Started GET "/assets/application.self-04324cb5c7d2786ff4ccae4572d9d6d4fd6999b6c625fc01807229e566d782a6.css?body=1&livereload=1542657647764" for ::1 at 2018-11-19 12:00:47 -0800
Started GET "/assets/application.self-04324cb5c7d2786ff4ccae4572d9d6d4fd6999b6c625fc01807229e566d782a6.css?body=1&livereload=1542657662684" for ::1 at 2018-11-19 12:01:02 -0800
Started GET "/assets/application.self-04324cb5c7d2786ff4ccae4572d9d6d4fd6999b6c625fc01807229e566d782a6.css?body=1&livereload=1542657662687" for ::1 at 2018-11-19 12:01:02 -0800
Started GET "/assets/application.self-04324cb5c7d2786ff4ccae4572d9d6d4fd6999b6c625fc01807229e566d782a6.css?body=1&livereload=1542657670843" for ::1 at 2018-11-19 12:01:10 -0800
Started GET "/assets/application.self-04324cb5c7d2786ff4ccae4572d9d6d4fd6999b6c625fc01807229e566d782a6.css?body=1&livereload=1542657670843&livereload=1542657670843" for ::1 at 2018-11-19 12:01:10 -0800
Started GET "/assets/application.self-04324cb5c7d2786ff4ccae4572d9d6d4fd6999b6c625fc01807229e566d782a6.css?body=1&livereload=1542657673907&livereload=1542657670843" for ::1 at 2018-11-19 12:01:13 -0800
Started GET "/assets/application.self-04324cb5c7d2786ff4ccae4572d9d6d4fd6999b6c625fc01807229e566d782a6.css?body=1&livereload=1542657673908&livereload=1542657670843" for ::1 at 2018-11-19 12:01:13 -0800
Started GET "/assets/application.self-04324cb5c7d2786ff4ccae4572d9d6d4fd6999b6c625fc01807229e566d782a6.css?body=1&livereload=1542657680678&livereload=1542657670843" for ::1 at 2018-11-19 12:01:20 -0800
Started GET "/assets/application.self-04324cb5c7d2786ff4ccae4572d9d6d4fd6999b6c625fc01807229e566d782a6.css?body=1&livereload=1542657680680&livereload=1542657670843" for ::1 at 2018-11-19 12:01:20 -0800
Started GET "/assets/application.self-04324cb5c7d2786ff4ccae4572d9d6d4fd6999b6c625fc01807229e566d782a6.css?body=1&livereload=1542657683094&livereload=1542657670843" for ::1 at 2018-11-19 12:01:23 -0800
Started GET "/assets/application.self-04324cb5c7d2786ff4ccae4572d9d6d4fd6999b6c625fc01807229e566d782a6.css?body=1&livereload=1542657683094&livereload=1542657670843&livereload=1542657683094" for ::1 at 2018-11-19 12:01:23 -0800
Started GET "/assets/application.self-04324cb5c7d2786ff4ccae4572d9d6d4fd6999b6c625fc01807229e566d782a6.css?body=1&livereload=1542657685874&livereload=1542657670843&livereload=1542657683094" for ::1 at 2018-11-19 12:01:25 -0800
Started GET "/assets/application.self-04324cb5c7d2786ff4ccae4572d9d6d4fd6999b6c625fc01807229e566d782a6.css?body=1&livereload=1542657685876&livereload=1542657670843&livereload=1542657683094" for ::1 at 2018-11-19 12:01:25 -0800
Started GET "/assets/application.self-04324cb5c7d2786ff4ccae4572d9d6d4fd6999b6c625fc01807229e566d782a6.css?body=1&livereload=1542657697272&livereload=1542657670843&livereload=1542657683094" for ::1 at 2018-11-19 12:01:37 -0800
Started GET "/assets/application.self-04324cb5c7d2786ff4ccae4572d9d6d4fd6999b6c625fc01807229e566d782a6.css?body=1&livereload=1542657697273&livereload=1542657670843&livereload=1542657683094" for ::1 at 2018-11-19 12:01:37 -0800
Started GET "/" for ::1 at 2018-11-19 12:01:50 -0800
Processing by StaticPagesController#index as HTML
  Rendering static_pages/index.html.erb within layouts/application
  Rendered shared/_main_nav.html.erb (0.4ms)
  Rendered shared/_masthead.html.erb (0.7ms)
  Rendered shared/_sections_nav.html.erb (0.4ms)
  Rendered shared/_search_modal.html.erb (0.6ms)
  Rendered shared/_main_content.html.erb (0.6ms)
  Rendered static_pages/index.html.erb within layouts/application (18.3ms)
Completed 200 OK in 60ms (Views: 52.4ms | ActiveRecord: 0.0ms)


Started GET "/assets/application.self-c9ea559197d8e370599e271feea181e2601153f3813e9f9e8b6911f7933fc2bc.css?body=1" for ::1 at 2018-11-19 12:01:50 -0800
Started GET "/assets/application.self-c9ea559197d8e370599e271feea181e2601153f3813e9f9e8b6911f7933fc2bc.css?body=1&livereload=1542657719503" for ::1 at 2018-11-19 12:01:59 -0800
Started GET "/assets/application.self-c9ea559197d8e370599e271feea181e2601153f3813e9f9e8b6911f7933fc2bc.css?body=1&livereload=1542657719505" for ::1 at 2018-11-19 12:01:59 -0800
Started GET "/assets/application.self-c9ea559197d8e370599e271feea181e2601153f3813e9f9e8b6911f7933fc2bc.css?body=1&livereload=1542657730923" for ::1 at 2018-11-19 12:02:10 -0800
Started GET "/assets/application.self-c9ea559197d8e370599e271feea181e2601153f3813e9f9e8b6911f7933fc2bc.css?body=1&livereload=1542657730923&livereload=1542657730923" for ::1 at 2018-11-19 12:02:10 -0800
Started GET "/assets/application.self-c9ea559197d8e370599e271feea181e2601153f3813e9f9e8b6911f7933fc2bc.css?body=1&livereload=1542657753651&livereload=1542657730923" for ::1 at 2018-11-19 12:02:33 -0800
Started GET "/assets/application.self-c9ea559197d8e370599e271feea181e2601153f3813e9f9e8b6911f7933fc2bc.css?body=1&livereload=1542657753652&livereload=1542657730923" for ::1 at 2018-11-19 12:02:33 -0800
Started GET "/assets/application.self-c9ea559197d8e370599e271feea181e2601153f3813e9f9e8b6911f7933fc2bc.css?body=1&livereload=1542657757099&livereload=1542657730923" for ::1 at 2018-11-19 12:02:37 -0800
Started GET "/assets/application.self-c9ea559197d8e370599e271feea181e2601153f3813e9f9e8b6911f7933fc2bc.css?body=1&livereload=1542657757100&livereload=1542657730923" for ::1 at 2018-11-19 12:02:37 -0800
Started GET "/assets/application.self-c9ea559197d8e370599e271feea181e2601153f3813e9f9e8b6911f7933fc2bc.css?body=1&livereload=1542657761105&livereload=1542657730923" for ::1 at 2018-11-19 12:02:41 -0800
Started GET "/assets/application.self-c9ea559197d8e370599e271feea181e2601153f3813e9f9e8b6911f7933fc2bc.css?body=1&livereload=1542657761106&livereload=1542657730923" for ::1 at 2018-11-19 12:02:41 -0800
Started GET "/assets/application.self-c9ea559197d8e370599e271feea181e2601153f3813e9f9e8b6911f7933fc2bc.css?body=1&livereload=1542657763523&livereload=1542657730923" for ::1 at 2018-11-19 12:02:43 -0800
Started GET "/assets/application.self-c9ea559197d8e370599e271feea181e2601153f3813e9f9e8b6911f7933fc2bc.css?body=1&livereload=1542657763524&livereload=1542657730923" for ::1 at 2018-11-19 12:02:43 -0800
Started GET "/assets/application.self-c9ea559197d8e370599e271feea181e2601153f3813e9f9e8b6911f7933fc2bc.css?body=1&livereload=1542657764727&livereload=1542657730923" for ::1 at 2018-11-19 12:02:44 -0800
Started GET "/assets/application.self-c9ea559197d8e370599e271feea181e2601153f3813e9f9e8b6911f7933fc2bc.css?body=1&livereload=1542657764728&livereload=1542657730923" for ::1 at 2018-11-19 12:02:44 -0800
Started GET "/assets/application.self-c9ea559197d8e370599e271feea181e2601153f3813e9f9e8b6911f7933fc2bc.css?body=1&livereload=1542657773277&livereload=1542657730923" for ::1 at 2018-11-19 12:02:53 -0800
Started GET "/assets/application.self-c9ea559197d8e370599e271feea181e2601153f3813e9f9e8b6911f7933fc2bc.css?body=1&livereload=1542657773276&livereload=1542657730923" for ::1 at 2018-11-19 12:02:53 -0800
Started GET "/assets/application.self-c9ea559197d8e370599e271feea181e2601153f3813e9f9e8b6911f7933fc2bc.css?body=1&livereload=1542657777177&livereload=1542657730923" for ::1 at 2018-11-19 12:02:57 -0800
Started GET "/assets/application.self-c9ea559197d8e370599e271feea181e2601153f3813e9f9e8b6911f7933fc2bc.css?body=1&livereload=1542657777178&livereload=1542657730923" for ::1 at 2018-11-19 12:02:57 -0800
Started GET "/assets/application.self-c9ea559197d8e370599e271feea181e2601153f3813e9f9e8b6911f7933fc2bc.css?body=1&livereload=1542657780427&livereload=1542657730923" for ::1 at 2018-11-19 12:03:00 -0800
Started GET "/assets/application.self-c9ea559197d8e370599e271feea181e2601153f3813e9f9e8b6911f7933fc2bc.css?body=1&livereload=1542657780427&livereload=1542657730923&livereload=1542657780427" for ::1 at 2018-11-19 12:03:00 -0800
Started GET "/assets/application.self-c9ea559197d8e370599e271feea181e2601153f3813e9f9e8b6911f7933fc2bc.css?body=1&livereload=1542657788500&livereload=1542657730923&livereload=1542657780427" for ::1 at 2018-11-19 12:03:08 -0800
Started GET "/assets/application.self-c9ea559197d8e370599e271feea181e2601153f3813e9f9e8b6911f7933fc2bc.css?body=1&livereload=1542657788501&livereload=1542657730923&livereload=1542657780427" for ::1 at 2018-11-19 12:03:08 -0800
Started GET "/assets/application.self-c9ea559197d8e370599e271feea181e2601153f3813e9f9e8b6911f7933fc2bc.css?body=1&livereload=1542657791381&livereload=1542657730923&livereload=1542657780427" for ::1 at 2018-11-19 12:03:11 -0800
Started GET "/assets/application.self-c9ea559197d8e370599e271feea181e2601153f3813e9f9e8b6911f7933fc2bc.css?body=1&livereload=1542657791382&livereload=1542657730923&livereload=1542657780427" for ::1 at 2018-11-19 12:03:11 -0800
Started GET "/assets/application.self-c9ea559197d8e370599e271feea181e2601153f3813e9f9e8b6911f7933fc2bc.css?body=1&livereload=1542657795186&livereload=1542657730923&livereload=1542657780427" for ::1 at 2018-11-19 12:03:15 -0800
Started GET "/assets/application.self-c9ea559197d8e370599e271feea181e2601153f3813e9f9e8b6911f7933fc2bc.css?body=1&livereload=1542657795187&livereload=1542657730923&livereload=1542657780427" for ::1 at 2018-11-19 12:03:15 -0800
Started GET "/assets/application.self-c9ea559197d8e370599e271feea181e2601153f3813e9f9e8b6911f7933fc2bc.css?body=1&livereload=1542657798443&livereload=1542657730923&livereload=1542657780427" for ::1 at 2018-11-19 12:03:18 -0800
Started GET "/assets/application.self-c9ea559197d8e370599e271feea181e2601153f3813e9f9e8b6911f7933fc2bc.css?body=1&livereload=1542657798444&livereload=1542657730923&livereload=1542657780427" for ::1 at 2018-11-19 12:03:18 -0800
Started GET "/assets/application.self-c9ea559197d8e370599e271feea181e2601153f3813e9f9e8b6911f7933fc2bc.css?body=1&livereload=1542657802342&livereload=1542657730923&livereload=1542657780427" for ::1 at 2018-11-19 12:03:22 -0800
Started GET "/assets/application.self-c9ea559197d8e370599e271feea181e2601153f3813e9f9e8b6911f7933fc2bc.css?body=1&livereload=1542657802341&livereload=1542657730923&livereload=1542657780427" for ::1 at 2018-11-19 12:03:22 -0800
Started GET "/assets/application.self-c9ea559197d8e370599e271feea181e2601153f3813e9f9e8b6911f7933fc2bc.css?body=1&livereload=1542657805408&livereload=1542657730923&livereload=1542657780427" for ::1 at 2018-11-19 12:03:25 -0800
Started GET "/assets/application.self-c9ea559197d8e370599e271feea181e2601153f3813e9f9e8b6911f7933fc2bc.css?body=1&livereload=1542657805409&livereload=1542657730923&livereload=1542657780427" for ::1 at 2018-11-19 12:03:25 -0800
Started GET "/assets/application.self-c9ea559197d8e370599e271feea181e2601153f3813e9f9e8b6911f7933fc2bc.css?body=1&livereload=1542657808293&livereload=1542657730923&livereload=1542657780427" for ::1 at 2018-11-19 12:03:28 -0800
Started GET "/assets/application.self-c9ea559197d8e370599e271feea181e2601153f3813e9f9e8b6911f7933fc2bc.css?body=1&livereload=1542657808294&livereload=1542657730923&livereload=1542657780427" for ::1 at 2018-11-19 12:03:28 -0800
Started GET "/assets/application.self-c9ea559197d8e370599e271feea181e2601153f3813e9f9e8b6911f7933fc2bc.css?body=1&livereload=1542657811652&livereload=1542657730923&livereload=1542657780427" for ::1 at 2018-11-19 12:03:31 -0800
Started GET "/assets/application.self-c9ea559197d8e370599e271feea181e2601153f3813e9f9e8b6911f7933fc2bc.css?body=1&livereload=1542657811653&livereload=1542657730923&livereload=1542657780427" for ::1 at 2018-11-19 12:03:31 -0800
Started GET "/assets/application.self-c9ea559197d8e370599e271feea181e2601153f3813e9f9e8b6911f7933fc2bc.css?body=1&livereload=1542657815920&livereload=1542657730923&livereload=1542657780427" for ::1 at 2018-11-19 12:03:35 -0800
Started GET "/assets/application.self-c9ea559197d8e370599e271feea181e2601153f3813e9f9e8b6911f7933fc2bc.css?body=1&livereload=1542657815921&livereload=1542657730923&livereload=1542657780427" for ::1 at 2018-11-19 12:03:35 -0800
Started GET "/assets/application.self-c9ea559197d8e370599e271feea181e2601153f3813e9f9e8b6911f7933fc2bc.css?body=1&livereload=1542657819556&livereload=1542657730923&livereload=1542657780427" for ::1 at 2018-11-19 12:03:39 -0800
Started GET "/assets/application.self-c9ea559197d8e370599e271feea181e2601153f3813e9f9e8b6911f7933fc2bc.css?body=1&livereload=1542657819555&livereload=1542657730923&livereload=1542657780427" for ::1 at 2018-11-19 12:03:39 -0800
Started GET "/assets/application.self-c9ea559197d8e370599e271feea181e2601153f3813e9f9e8b6911f7933fc2bc.css?body=1&livereload=1542657824750&livereload=1542657730923&livereload=1542657780427" for ::1 at 2018-11-19 12:03:44 -0800
Started GET "/assets/application.self-c9ea559197d8e370599e271feea181e2601153f3813e9f9e8b6911f7933fc2bc.css?body=1&livereload=1542657824751&livereload=1542657730923&livereload=1542657780427" for ::1 at 2018-11-19 12:03:44 -0800
Started GET "/assets/application.self-c9ea559197d8e370599e271feea181e2601153f3813e9f9e8b6911f7933fc2bc.css?body=1&livereload=1542657826327&livereload=1542657730923&livereload=1542657780427" for ::1 at 2018-11-19 12:03:46 -0800
Started GET "/assets/application.self-c9ea559197d8e370599e271feea181e2601153f3813e9f9e8b6911f7933fc2bc.css?body=1&livereload=1542657826332&livereload=1542657730923&livereload=1542657780427" for ::1 at 2018-11-19 12:03:46 -0800
Started GET "/assets/application.self-c9ea559197d8e370599e271feea181e2601153f3813e9f9e8b6911f7933fc2bc.css?body=1&livereload=1542657830415&livereload=1542657730923&livereload=1542657780427" for ::1 at 2018-11-19 12:03:50 -0800
Started GET "/assets/application.self-c9ea559197d8e370599e271feea181e2601153f3813e9f9e8b6911f7933fc2bc.css?body=1&livereload=1542657830414&livereload=1542657730923&livereload=1542657780427" for ::1 at 2018-11-19 12:03:50 -0800
Started GET "/assets/application.self-c9ea559197d8e370599e271feea181e2601153f3813e9f9e8b6911f7933fc2bc.css?body=1&livereload=1542657846839&livereload=1542657730923&livereload=1542657780427" for ::1 at 2018-11-19 12:04:06 -0800
Started GET "/assets/application.self-c9ea559197d8e370599e271feea181e2601153f3813e9f9e8b6911f7933fc2bc.css?body=1&livereload=1542657846840&livereload=1542657730923&livereload=1542657780427" for ::1 at 2018-11-19 12:04:06 -0800
Started GET "/assets/application.self-c9ea559197d8e370599e271feea181e2601153f3813e9f9e8b6911f7933fc2bc.css?body=1&livereload=1542657858346&livereload=1542657730923&livereload=1542657780427" for ::1 at 2018-11-19 12:04:18 -0800
Started GET "/assets/application.self-c9ea559197d8e370599e271feea181e2601153f3813e9f9e8b6911f7933fc2bc.css?body=1&livereload=1542657858347&livereload=1542657730923&livereload=1542657780427" for ::1 at 2018-11-19 12:04:18 -0800
Started GET "/assets/application.self-c9ea559197d8e370599e271feea181e2601153f3813e9f9e8b6911f7933fc2bc.css?body=1&livereload=1542657864555&livereload=1542657730923&livereload=1542657780427" for ::1 at 2018-11-19 12:04:24 -0800
Started GET "/assets/application.self-c9ea559197d8e370599e271feea181e2601153f3813e9f9e8b6911f7933fc2bc.css?body=1&livereload=1542657864556&livereload=1542657730923&livereload=1542657780427" for ::1 at 2018-11-19 12:04:24 -0800
Started GET "/assets/application.self-c9ea559197d8e370599e271feea181e2601153f3813e9f9e8b6911f7933fc2bc.css?body=1&livereload=1542657866772&livereload=1542657730923&livereload=1542657780427" for ::1 at 2018-11-19 12:04:26 -0800
Started GET "/assets/application.self-c9ea559197d8e370599e271feea181e2601153f3813e9f9e8b6911f7933fc2bc.css?body=1&livereload=1542657866773&livereload=1542657730923&livereload=1542657780427" for ::1 at 2018-11-19 12:04:26 -0800
Started GET "/assets/application.self-c9ea559197d8e370599e271feea181e2601153f3813e9f9e8b6911f7933fc2bc.css?body=1&livereload=1542657900857&livereload=1542657730923&livereload=1542657780427" for ::1 at 2018-11-19 12:05:00 -0800
Started GET "/assets/application.self-c9ea559197d8e370599e271feea181e2601153f3813e9f9e8b6911f7933fc2bc.css?body=1&livereload=1542657900858&livereload=1542657730923&livereload=1542657780427" for ::1 at 2018-11-19 12:05:00 -0800
Started GET "/assets/application.self-c9ea559197d8e370599e271feea181e2601153f3813e9f9e8b6911f7933fc2bc.css?body=1&livereload=1542657916151&livereload=1542657730923&livereload=1542657780427" for ::1 at 2018-11-19 12:05:16 -0800
Started GET "/assets/application.self-c9ea559197d8e370599e271feea181e2601153f3813e9f9e8b6911f7933fc2bc.css?body=1&livereload=1542657916152&livereload=1542657730923&livereload=1542657780427" for ::1 at 2018-11-19 12:05:16 -0800
Started GET "/assets/application.self-c9ea559197d8e370599e271feea181e2601153f3813e9f9e8b6911f7933fc2bc.css?body=1&livereload=1542657921995&livereload=1542657730923&livereload=1542657780427" for ::1 at 2018-11-19 12:05:22 -0800
Started GET "/assets/application.self-c9ea559197d8e370599e271feea181e2601153f3813e9f9e8b6911f7933fc2bc.css?body=1&livereload=1542657921997&livereload=1542657730923&livereload=1542657780427" for ::1 at 2018-11-19 12:05:22 -0800
Started GET "/assets/application.self-c9ea559197d8e370599e271feea181e2601153f3813e9f9e8b6911f7933fc2bc.css?body=1&livereload=1542657924506&livereload=1542657730923&livereload=1542657780427" for ::1 at 2018-11-19 12:05:24 -0800
Started GET "/assets/application.self-c9ea559197d8e370599e271feea181e2601153f3813e9f9e8b6911f7933fc2bc.css?body=1&livereload=1542657924507&livereload=1542657730923&livereload=1542657780427" for ::1 at 2018-11-19 12:05:24 -0800
Started GET "/assets/application.self-c9ea559197d8e370599e271feea181e2601153f3813e9f9e8b6911f7933fc2bc.css?body=1&livereload=1542657942507&livereload=1542657730923&livereload=1542657780427" for ::1 at 2018-11-19 12:05:42 -0800
Started GET "/assets/application.self-c9ea559197d8e370599e271feea181e2601153f3813e9f9e8b6911f7933fc2bc.css?body=1&livereload=1542657942508&livereload=1542657730923&livereload=1542657780427" for ::1 at 2018-11-19 12:05:42 -0800
Started GET "/assets/application.self-c9ea559197d8e370599e271feea181e2601153f3813e9f9e8b6911f7933fc2bc.css?body=1&livereload=1542657952590&livereload=1542657730923&livereload=1542657780427" for ::1 at 2018-11-19 12:05:52 -0800
Started GET "/assets/application.self-c9ea559197d8e370599e271feea181e2601153f3813e9f9e8b6911f7933fc2bc.css?body=1&livereload=1542657952592&livereload=1542657730923&livereload=1542657780427" for ::1 at 2018-11-19 12:05:52 -0800
Started GET "/assets/application.self-c9ea559197d8e370599e271feea181e2601153f3813e9f9e8b6911f7933fc2bc.css?body=1&livereload=1542657957425&livereload=1542657730923&livereload=1542657780427" for ::1 at 2018-11-19 12:05:57 -0800
Started GET "/assets/application.self-c9ea559197d8e370599e271feea181e2601153f3813e9f9e8b6911f7933fc2bc.css?body=1&livereload=1542657957426&livereload=1542657730923&livereload=1542657780427" for ::1 at 2018-11-19 12:05:57 -0800
Started GET "/assets/application.self-c9ea559197d8e370599e271feea181e2601153f3813e9f9e8b6911f7933fc2bc.css?body=1&livereload=1542657960947&livereload=1542657730923&livereload=1542657780427" for ::1 at 2018-11-19 12:06:00 -0800
Started GET "/assets/application.self-c9ea559197d8e370599e271feea181e2601153f3813e9f9e8b6911f7933fc2bc.css?body=1&livereload=1542657960948&livereload=1542657730923&livereload=1542657780427" for ::1 at 2018-11-19 12:06:00 -0800
Started GET "/assets/application.self-c9ea559197d8e370599e271feea181e2601153f3813e9f9e8b6911f7933fc2bc.css?body=1&livereload=1542657964114&livereload=1542657730923&livereload=1542657780427" for ::1 at 2018-11-19 12:06:04 -0800
Started GET "/assets/application.self-c9ea559197d8e370599e271feea181e2601153f3813e9f9e8b6911f7933fc2bc.css?body=1&livereload=1542657964113&livereload=1542657730923&livereload=1542657780427" for ::1 at 2018-11-19 12:06:04 -0800
Started GET "/assets/application.self-c9ea559197d8e370599e271feea181e2601153f3813e9f9e8b6911f7933fc2bc.css?body=1&livereload=1542657964669&livereload=1542657730923&livereload=1542657780427" for ::1 at 2018-11-19 12:06:04 -0800
Started GET "/assets/application.self-c9ea559197d8e370599e271feea181e2601153f3813e9f9e8b6911f7933fc2bc.css?body=1&livereload=1542657964670&livereload=1542657730923&livereload=1542657780427" for ::1 at 2018-11-19 12:06:04 -0800
Started GET "/assets/application.self-c9ea559197d8e370599e271feea181e2601153f3813e9f9e8b6911f7933fc2bc.css?body=1&livereload=1542657966061&livereload=1542657730923&livereload=1542657780427" for ::1 at 2018-11-19 12:06:06 -0800
Started GET "/assets/application.self-c9ea559197d8e370599e271feea181e2601153f3813e9f9e8b6911f7933fc2bc.css?body=1&livereload=1542657966063&livereload=1542657730923&livereload=1542657780427" for ::1 at 2018-11-19 12:06:06 -0800
Started GET "/assets/application.self-c9ea559197d8e370599e271feea181e2601153f3813e9f9e8b6911f7933fc2bc.css?body=1&livereload=1542657976078&livereload=1542657730923&livereload=1542657780427" for ::1 at 2018-11-19 12:06:16 -0800
Started GET "/assets/application.self-c9ea559197d8e370599e271feea181e2601153f3813e9f9e8b6911f7933fc2bc.css?body=1&livereload=1542657976080&livereload=1542657730923&livereload=1542657780427" for ::1 at 2018-11-19 12:06:16 -0800
Started GET "/assets/application.self-c9ea559197d8e370599e271feea181e2601153f3813e9f9e8b6911f7933fc2bc.css?body=1&livereload=1542657979146&livereload=1542657730923&livereload=1542657780427" for ::1 at 2018-11-19 12:06:19 -0800
Started GET "/assets/application.self-c9ea559197d8e370599e271feea181e2601153f3813e9f9e8b6911f7933fc2bc.css?body=1&livereload=1542657979148&livereload=1542657730923&livereload=1542657780427" for ::1 at 2018-11-19 12:06:19 -0800
Started GET "/assets/application.self-c9ea559197d8e370599e271feea181e2601153f3813e9f9e8b6911f7933fc2bc.css?body=1&livereload=1542657980730&livereload=1542657730923&livereload=1542657780427" for ::1 at 2018-11-19 12:06:20 -0800
Started GET "/assets/application.self-c9ea559197d8e370599e271feea181e2601153f3813e9f9e8b6911f7933fc2bc.css?body=1&livereload=1542657980731&livereload=1542657730923&livereload=1542657780427" for ::1 at 2018-11-19 12:06:20 -0800
Started GET "/assets/application.self-c9ea559197d8e370599e271feea181e2601153f3813e9f9e8b6911f7933fc2bc.css?body=1&livereload=1542657984896&livereload=1542657730923&livereload=1542657780427" for ::1 at 2018-11-19 12:06:24 -0800
Started GET "/assets/application.self-c9ea559197d8e370599e271feea181e2601153f3813e9f9e8b6911f7933fc2bc.css?body=1&livereload=1542657984898&livereload=1542657730923&livereload=1542657780427" for ::1 at 2018-11-19 12:06:24 -0800
Started GET "/assets/application.self-c9ea559197d8e370599e271feea181e2601153f3813e9f9e8b6911f7933fc2bc.css?body=1&livereload=1542657993331&livereload=1542657730923&livereload=1542657780427" for ::1 at 2018-11-19 12:06:33 -0800
Started GET "/assets/application.self-c9ea559197d8e370599e271feea181e2601153f3813e9f9e8b6911f7933fc2bc.css?body=1&livereload=1542657993332&livereload=1542657730923&livereload=1542657780427" for ::1 at 2018-11-19 12:06:33 -0800
Started GET "/assets/application.self-c9ea559197d8e370599e271feea181e2601153f3813e9f9e8b6911f7933fc2bc.css?body=1&livereload=1542658007243&livereload=1542657730923&livereload=1542657780427" for ::1 at 2018-11-19 12:06:47 -0800
Started GET "/assets/application.self-c9ea559197d8e370599e271feea181e2601153f3813e9f9e8b6911f7933fc2bc.css?body=1&livereload=1542658007245&livereload=1542657730923&livereload=1542657780427" for ::1 at 2018-11-19 12:06:47 -0800
Started GET "/assets/application.self-c9ea559197d8e370599e271feea181e2601153f3813e9f9e8b6911f7933fc2bc.css?body=1&livereload=1542658009576&livereload=1542657730923&livereload=1542657780427" for ::1 at 2018-11-19 12:06:49 -0800
Started GET "/assets/application.self-c9ea559197d8e370599e271feea181e2601153f3813e9f9e8b6911f7933fc2bc.css?body=1&livereload=1542658009577&livereload=1542657730923&livereload=1542657780427" for ::1 at 2018-11-19 12:06:49 -0800
Started GET "/assets/application.self-c9ea559197d8e370599e271feea181e2601153f3813e9f9e8b6911f7933fc2bc.css?body=1&livereload=1542658034177&livereload=1542657730923&livereload=1542657780427" for ::1 at 2018-11-19 12:07:14 -0800
Started GET "/assets/application.self-c9ea559197d8e370599e271feea181e2601153f3813e9f9e8b6911f7933fc2bc.css?body=1&livereload=1542658034178&livereload=1542657730923&livereload=1542657780427" for ::1 at 2018-11-19 12:07:14 -0800
Started GET "/assets/application.self-c9ea559197d8e370599e271feea181e2601153f3813e9f9e8b6911f7933fc2bc.css?body=1&livereload=1542658037428&livereload=1542657730923&livereload=1542657780427" for ::1 at 2018-11-19 12:07:17 -0800
Started GET "/assets/application.self-c9ea559197d8e370599e271feea181e2601153f3813e9f9e8b6911f7933fc2bc.css?body=1&livereload=1542658037429&livereload=1542657730923&livereload=1542657780427" for ::1 at 2018-11-19 12:07:17 -0800
Started GET "/assets/application.self-c9ea559197d8e370599e271feea181e2601153f3813e9f9e8b6911f7933fc2bc.css?body=1&livereload=1542658038729&livereload=1542657730923&livereload=1542657780427" for ::1 at 2018-11-19 12:07:18 -0800
Started GET "/assets/application.self-c9ea559197d8e370599e271feea181e2601153f3813e9f9e8b6911f7933fc2bc.css?body=1&livereload=1542658038728&livereload=1542657730923&livereload=1542657780427" for ::1 at 2018-11-19 12:07:18 -0800
Started GET "/assets/application.self-c9ea559197d8e370599e271feea181e2601153f3813e9f9e8b6911f7933fc2bc.css?body=1&livereload=1542658047058&livereload=1542657730923&livereload=1542657780427" for ::1 at 2018-11-19 12:07:27 -0800
Started GET "/assets/application.self-c9ea559197d8e370599e271feea181e2601153f3813e9f9e8b6911f7933fc2bc.css?body=1&livereload=1542658047059&livereload=1542657730923&livereload=1542657780427" for ::1 at 2018-11-19 12:07:27 -0800
Started GET "/assets/application.self-c9ea559197d8e370599e271feea181e2601153f3813e9f9e8b6911f7933fc2bc.css?body=1&livereload=1542658059125&livereload=1542657730923&livereload=1542657780427" for ::1 at 2018-11-19 12:07:39 -0800
Started GET "/assets/application.self-c9ea559197d8e370599e271feea181e2601153f3813e9f9e8b6911f7933fc2bc.css?body=1&livereload=1542658059126&livereload=1542657730923&livereload=1542657780427" for ::1 at 2018-11-19 12:07:39 -0800
Started GET "/assets/application.self-c9ea559197d8e370599e271feea181e2601153f3813e9f9e8b6911f7933fc2bc.css?body=1&livereload=1542658067486&livereload=1542657730923&livereload=1542657780427" for ::1 at 2018-11-19 12:07:47 -0800
Started GET "/assets/application.self-c9ea559197d8e370599e271feea181e2601153f3813e9f9e8b6911f7933fc2bc.css?body=1&livereload=1542658067488&livereload=1542657730923&livereload=1542657780427" for ::1 at 2018-11-19 12:07:47 -0800
Started GET "/assets/application.self-c9ea559197d8e370599e271feea181e2601153f3813e9f9e8b6911f7933fc2bc.css?body=1&livereload=1542658075934&livereload=1542657730923&livereload=1542657780427" for ::1 at 2018-11-19 12:07:55 -0800
Started GET "/assets/application.self-c9ea559197d8e370599e271feea181e2601153f3813e9f9e8b6911f7933fc2bc.css?body=1&livereload=1542658075934&livereload=1542657730923&livereload=1542657780427&livereload=1542658075934" for ::1 at 2018-11-19 12:07:55 -0800
Started GET "/assets/application.self-c9ea559197d8e370599e271feea181e2601153f3813e9f9e8b6911f7933fc2bc.css?body=1&livereload=1542658082811&livereload=1542657730923&livereload=1542657780427&livereload=1542658075934" for ::1 at 2018-11-19 12:08:02 -0800
Started GET "/assets/application.self-c9ea559197d8e370599e271feea181e2601153f3813e9f9e8b6911f7933fc2bc.css?body=1&livereload=1542658082813&livereload=1542657730923&livereload=1542657780427&livereload=1542658075934" for ::1 at 2018-11-19 12:08:02 -0800
Started GET "/assets/application.self-c9ea559197d8e370599e271feea181e2601153f3813e9f9e8b6911f7933fc2bc.css?body=1&livereload=1542658084379&livereload=1542657730923&livereload=1542657780427&livereload=1542658075934" for ::1 at 2018-11-19 12:08:04 -0800
Started GET "/assets/application.self-c9ea559197d8e370599e271feea181e2601153f3813e9f9e8b6911f7933fc2bc.css?body=1&livereload=1542658084380&livereload=1542657730923&livereload=1542657780427&livereload=1542658075934" for ::1 at 2018-11-19 12:08:04 -0800
Started GET "/assets/application.self-c9ea559197d8e370599e271feea181e2601153f3813e9f9e8b6911f7933fc2bc.css?body=1&livereload=1542658086887&livereload=1542657730923&livereload=1542657780427&livereload=1542658075934" for ::1 at 2018-11-19 12:08:06 -0800
Started GET "/assets/application.self-c9ea559197d8e370599e271feea181e2601153f3813e9f9e8b6911f7933fc2bc.css?body=1&livereload=1542658086887&livereload=1542657730923&livereload=1542657780427&livereload=1542658075934&livereload=1542658086887" for ::1 at 2018-11-19 12:08:06 -0800
Started GET "/assets/application.self-c9ea559197d8e370599e271feea181e2601153f3813e9f9e8b6911f7933fc2bc.css?body=1&livereload=1542658091903&livereload=1542657730923&livereload=1542657780427&livereload=1542658075934&livereload=1542658086887" for ::1 at 2018-11-19 12:08:11 -0800
Started GET "/assets/application.self-c9ea559197d8e370599e271feea181e2601153f3813e9f9e8b6911f7933fc2bc.css?body=1&livereload=1542658091904&livereload=1542657730923&livereload=1542657780427&livereload=1542658075934&livereload=1542658086887" for ::1 at 2018-11-19 12:08:11 -0800
Started GET "/assets/application.self-c9ea559197d8e370599e271feea181e2601153f3813e9f9e8b6911f7933fc2bc.css?body=1&livereload=1542658097186&livereload=1542657730923&livereload=1542657780427&livereload=1542658075934&livereload=1542658086887" for ::1 at 2018-11-19 12:08:17 -0800
Started GET "/assets/application.self-c9ea559197d8e370599e271feea181e2601153f3813e9f9e8b6911f7933fc2bc.css?body=1&livereload=1542658097188&livereload=1542657730923&livereload=1542657780427&livereload=1542658075934&livereload=1542658086887" for ::1 at 2018-11-19 12:08:17 -0800
Started GET "/assets/application.self-c9ea559197d8e370599e271feea181e2601153f3813e9f9e8b6911f7933fc2bc.css?body=1&livereload=1542658147483&livereload=1542657730923&livereload=1542657780427&livereload=1542658075934&livereload=1542658086887" for ::1 at 2018-11-19 12:09:07 -0800
Started GET "/assets/application.self-c9ea559197d8e370599e271feea181e2601153f3813e9f9e8b6911f7933fc2bc.css?body=1&livereload=1542658147485&livereload=1542657730923&livereload=1542657780427&livereload=1542658075934&livereload=1542658086887" for ::1 at 2018-11-19 12:09:07 -0800
Started GET "/assets/application.self-c9ea559197d8e370599e271feea181e2601153f3813e9f9e8b6911f7933fc2bc.css?body=1&livereload=1542658158531&livereload=1542657730923&livereload=1542657780427&livereload=1542658075934&livereload=1542658086887" for ::1 at 2018-11-19 12:09:18 -0800
Started GET "/assets/application.self-c9ea559197d8e370599e271feea181e2601153f3813e9f9e8b6911f7933fc2bc.css?body=1&livereload=1542658158533&livereload=1542657730923&livereload=1542657780427&livereload=1542658075934&livereload=1542658086887" for ::1 at 2018-11-19 12:09:18 -0800
Started GET "/assets/application.self-c9ea559197d8e370599e271feea181e2601153f3813e9f9e8b6911f7933fc2bc.css?body=1&livereload=1542658168926&livereload=1542657730923&livereload=1542657780427&livereload=1542658075934&livereload=1542658086887" for ::1 at 2018-11-19 12:09:28 -0800
Started GET "/assets/application.self-c9ea559197d8e370599e271feea181e2601153f3813e9f9e8b6911f7933fc2bc.css?body=1&livereload=1542658168927&livereload=1542657730923&livereload=1542657780427&livereload=1542658075934&livereload=1542658086887" for ::1 at 2018-11-19 12:09:28 -0800
Started GET "/assets/application.self-c9ea559197d8e370599e271feea181e2601153f3813e9f9e8b6911f7933fc2bc.css?body=1&livereload=1542658171429&livereload=1542657730923&livereload=1542657780427&livereload=1542658075934&livereload=1542658086887" for ::1 at 2018-11-19 12:09:31 -0800
Started GET "/assets/application.self-c9ea559197d8e370599e271feea181e2601153f3813e9f9e8b6911f7933fc2bc.css?body=1&livereload=1542658171430&livereload=1542657730923&livereload=1542657780427&livereload=1542658075934&livereload=1542658086887" for ::1 at 2018-11-19 12:09:31 -0800
Started GET "/assets/application.self-c9ea559197d8e370599e271feea181e2601153f3813e9f9e8b6911f7933fc2bc.css?body=1&livereload=1542658194571&livereload=1542657730923&livereload=1542657780427&livereload=1542658075934&livereload=1542658086887" for ::1 at 2018-11-19 12:09:54 -0800
Started GET "/assets/application.self-c9ea559197d8e370599e271feea181e2601153f3813e9f9e8b6911f7933fc2bc.css?body=1&livereload=1542658194572&livereload=1542657730923&livereload=1542657780427&livereload=1542658075934&livereload=1542658086887" for ::1 at 2018-11-19 12:09:54 -0800
Started GET "/assets/application.self-c9ea559197d8e370599e271feea181e2601153f3813e9f9e8b6911f7933fc2bc.css?body=1&livereload=1542658205140&livereload=1542657730923&livereload=1542657780427&livereload=1542658075934&livereload=1542658086887" for ::1 at 2018-11-19 12:10:05 -0800
Started GET "/assets/application.self-c9ea559197d8e370599e271feea181e2601153f3813e9f9e8b6911f7933fc2bc.css?body=1&livereload=1542658205141&livereload=1542657730923&livereload=1542657780427&livereload=1542658075934&livereload=1542658086887" for ::1 at 2018-11-19 12:10:05 -0800
Started GET "/assets/application.self-c9ea559197d8e370599e271feea181e2601153f3813e9f9e8b6911f7933fc2bc.css?body=1&livereload=1542658212389&livereload=1542657730923&livereload=1542657780427&livereload=1542658075934&livereload=1542658086887" for ::1 at 2018-11-19 12:10:12 -0800
Started GET "/assets/application.self-c9ea559197d8e370599e271feea181e2601153f3813e9f9e8b6911f7933fc2bc.css?body=1&livereload=1542658212391&livereload=1542657730923&livereload=1542657780427&livereload=1542658075934&livereload=1542658086887" for ::1 at 2018-11-19 12:10:12 -0800
Started GET "/assets/application.self-c9ea559197d8e370599e271feea181e2601153f3813e9f9e8b6911f7933fc2bc.css?body=1&livereload=1542658226864&livereload=1542657730923&livereload=1542657780427&livereload=1542658075934&livereload=1542658086887" for ::1 at 2018-11-19 12:10:26 -0800
Started GET "/assets/application.self-c9ea559197d8e370599e271feea181e2601153f3813e9f9e8b6911f7933fc2bc.css?body=1&livereload=1542658226865&livereload=1542657730923&livereload=1542657780427&livereload=1542658075934&livereload=1542658086887" for ::1 at 2018-11-19 12:10:26 -0800
Started GET "/assets/application.self-c9ea559197d8e370599e271feea181e2601153f3813e9f9e8b6911f7933fc2bc.css?body=1&livereload=1542658232049&livereload=1542657730923&livereload=1542657780427&livereload=1542658075934&livereload=1542658086887" for ::1 at 2018-11-19 12:10:32 -0800
Started GET "/assets/application.self-c9ea559197d8e370599e271feea181e2601153f3813e9f9e8b6911f7933fc2bc.css?body=1&livereload=1542658232050&livereload=1542657730923&livereload=1542657780427&livereload=1542658075934&livereload=1542658086887" for ::1 at 2018-11-19 12:10:32 -0800
Started GET "/assets/application.self-c9ea559197d8e370599e271feea181e2601153f3813e9f9e8b6911f7933fc2bc.css?body=1&livereload=1542658233273&livereload=1542657730923&livereload=1542657780427&livereload=1542658075934&livereload=1542658086887" for ::1 at 2018-11-19 12:10:33 -0800
Started GET "/assets/application.self-c9ea559197d8e370599e271feea181e2601153f3813e9f9e8b6911f7933fc2bc.css?body=1&livereload=1542658233273&livereload=1542657730923&livereload=1542657780427&livereload=1542658075934&livereload=1542658086887&livereload=1542658233273" for ::1 at 2018-11-19 12:10:33 -0800
Started GET "/assets/application.self-c9ea559197d8e370599e271feea181e2601153f3813e9f9e8b6911f7933fc2bc.css?body=1&livereload=1542658236802&livereload=1542657730923&livereload=1542657780427&livereload=1542658075934&livereload=1542658086887&livereload=1542658233273" for ::1 at 2018-11-19 12:10:36 -0800
Started GET "/assets/application.self-c9ea559197d8e370599e271feea181e2601153f3813e9f9e8b6911f7933fc2bc.css?body=1&livereload=1542658236804&livereload=1542657730923&livereload=1542657780427&livereload=1542658075934&livereload=1542658086887&livereload=1542658233273" for ::1 at 2018-11-19 12:10:36 -0800
Started GET "/assets/application.self-c9ea559197d8e370599e271feea181e2601153f3813e9f9e8b6911f7933fc2bc.css?body=1&livereload=1542658238482&livereload=1542657730923&livereload=1542657780427&livereload=1542658075934&livereload=1542658086887&livereload=1542658233273" for ::1 at 2018-11-19 12:10:38 -0800
Started GET "/assets/application.self-c9ea559197d8e370599e271feea181e2601153f3813e9f9e8b6911f7933fc2bc.css?body=1&livereload=1542658238480&livereload=1542657730923&livereload=1542657780427&livereload=1542658075934&livereload=1542658086887&livereload=1542658233273" for ::1 at 2018-11-19 12:10:38 -0800
Started GET "/assets/application.self-c9ea559197d8e370599e271feea181e2601153f3813e9f9e8b6911f7933fc2bc.css?body=1&livereload=1542658239681&livereload=1542657730923&livereload=1542657780427&livereload=1542658075934&livereload=1542658086887&livereload=1542658233273" for ::1 at 2018-11-19 12:10:39 -0800
Started GET "/assets/application.self-c9ea559197d8e370599e271feea181e2601153f3813e9f9e8b6911f7933fc2bc.css?body=1&livereload=1542658239682&livereload=1542657730923&livereload=1542657780427&livereload=1542658075934&livereload=1542658086887&livereload=1542658233273" for ::1 at 2018-11-19 12:10:39 -0800
Started GET "/assets/application.self-c9ea559197d8e370599e271feea181e2601153f3813e9f9e8b6911f7933fc2bc.css?body=1&livereload=1542658260846&livereload=1542657730923&livereload=1542657780427&livereload=1542658075934&livereload=1542658086887&livereload=1542658233273" for ::1 at 2018-11-19 12:11:00 -0800
Started GET "/assets/application.self-c9ea559197d8e370599e271feea181e2601153f3813e9f9e8b6911f7933fc2bc.css?body=1&livereload=1542658260847&livereload=1542657730923&livereload=1542657780427&livereload=1542658075934&livereload=1542658086887&livereload=1542658233273" for ::1 at 2018-11-19 12:11:00 -0800
Started GET "/assets/application.self-c9ea559197d8e370599e271feea181e2601153f3813e9f9e8b6911f7933fc2bc.css?body=1&livereload=1542658267617&livereload=1542657730923&livereload=1542657780427&livereload=1542658075934&livereload=1542658086887&livereload=1542658233273" for ::1 at 2018-11-19 12:11:07 -0800
Started GET "/assets/application.self-c9ea559197d8e370599e271feea181e2601153f3813e9f9e8b6911f7933fc2bc.css?body=1&livereload=1542658267618&livereload=1542657730923&livereload=1542657780427&livereload=1542658075934&livereload=1542658086887&livereload=1542658233273" for ::1 at 2018-11-19 12:11:07 -0800
Started GET "/assets/application.self-c9ea559197d8e370599e271feea181e2601153f3813e9f9e8b6911f7933fc2bc.css?body=1&livereload=1542658271615&livereload=1542657730923&livereload=1542657780427&livereload=1542658075934&livereload=1542658086887&livereload=1542658233273" for ::1 at 2018-11-19 12:11:11 -0800
Started GET "/assets/application.self-c9ea559197d8e370599e271feea181e2601153f3813e9f9e8b6911f7933fc2bc.css?body=1&livereload=1542658271614&livereload=1542657730923&livereload=1542657780427&livereload=1542658075934&livereload=1542658086887&livereload=1542658233273" for ::1 at 2018-11-19 12:11:11 -0800
Started GET "/assets/application.self-c9ea559197d8e370599e271feea181e2601153f3813e9f9e8b6911f7933fc2bc.css?body=1&livereload=1542658280153&livereload=1542657730923&livereload=1542657780427&livereload=1542658075934&livereload=1542658086887&livereload=1542658233273" for ::1 at 2018-11-19 12:11:20 -0800
Started GET "/assets/application.self-c9ea559197d8e370599e271feea181e2601153f3813e9f9e8b6911f7933fc2bc.css?body=1&livereload=1542658280154&livereload=1542657730923&livereload=1542657780427&livereload=1542658075934&livereload=1542658086887&livereload=1542658233273" for ::1 at 2018-11-19 12:11:20 -0800
Started GET "/assets/application.self-c9ea559197d8e370599e271feea181e2601153f3813e9f9e8b6911f7933fc2bc.css?body=1&livereload=1542658290545&livereload=1542657730923&livereload=1542657780427&livereload=1542658075934&livereload=1542658086887&livereload=1542658233273" for ::1 at 2018-11-19 12:11:30 -0800
Started GET "/assets/application.self-c9ea559197d8e370599e271feea181e2601153f3813e9f9e8b6911f7933fc2bc.css?body=1&livereload=1542658290545&livereload=1542657730923&livereload=1542657780427&livereload=1542658075934&livereload=1542658086887&livereload=1542658233273&livereload=1542658290545" for ::1 at 2018-11-19 12:11:30 -0800
Started GET "/assets/application.self-c9ea559197d8e370599e271feea181e2601153f3813e9f9e8b6911f7933fc2bc.css?body=1&livereload=1542658308368&livereload=1542657730923&livereload=1542657780427&livereload=1542658075934&livereload=1542658086887&livereload=1542658233273&livereload=1542658290545" for ::1 at 2018-11-19 12:11:48 -0800
Started GET "/assets/application.self-c9ea559197d8e370599e271feea181e2601153f3813e9f9e8b6911f7933fc2bc.css?body=1&livereload=1542658308370&livereload=1542657730923&livereload=1542657780427&livereload=1542658075934&livereload=1542658086887&livereload=1542658233273&livereload=1542658290545" for ::1 at 2018-11-19 12:11:48 -0800
Started GET "/assets/application.self-c9ea559197d8e370599e271feea181e2601153f3813e9f9e8b6911f7933fc2bc.css?body=1&livereload=1542658311793&livereload=1542657730923&livereload=1542657780427&livereload=1542658075934&livereload=1542658086887&livereload=1542658233273&livereload=1542658290545" for ::1 at 2018-11-19 12:11:51 -0800
Started GET "/assets/application.self-c9ea559197d8e370599e271feea181e2601153f3813e9f9e8b6911f7933fc2bc.css?body=1&livereload=1542658311794&livereload=1542657730923&livereload=1542657780427&livereload=1542658075934&livereload=1542658086887&livereload=1542658233273&livereload=1542658290545" for ::1 at 2018-11-19 12:11:51 -0800
Started GET "/assets/application.self-c9ea559197d8e370599e271feea181e2601153f3813e9f9e8b6911f7933fc2bc.css?body=1&livereload=1542658320893&livereload=1542657730923&livereload=1542657780427&livereload=1542658075934&livereload=1542658086887&livereload=1542658233273&livereload=1542658290545" for ::1 at 2018-11-19 12:12:00 -0800
Started GET "/assets/application.self-c9ea559197d8e370599e271feea181e2601153f3813e9f9e8b6911f7933fc2bc.css?body=1&livereload=1542658320891&livereload=1542657730923&livereload=1542657780427&livereload=1542658075934&livereload=1542658086887&livereload=1542658233273&livereload=1542658290545" for ::1 at 2018-11-19 12:12:00 -0800
Started GET "/assets/application.self-c9ea559197d8e370599e271feea181e2601153f3813e9f9e8b6911f7933fc2bc.css?body=1&livereload=1542658333594&livereload=1542657730923&livereload=1542657780427&livereload=1542658075934&livereload=1542658086887&livereload=1542658233273&livereload=1542658290545" for ::1 at 2018-11-19 12:12:13 -0800
Started GET "/assets/application.self-c9ea559197d8e370599e271feea181e2601153f3813e9f9e8b6911f7933fc2bc.css?body=1&livereload=1542658333595&livereload=1542657730923&livereload=1542657780427&livereload=1542658075934&livereload=1542658086887&livereload=1542658233273&livereload=1542658290545" for ::1 at 2018-11-19 12:12:13 -0800
Started GET "/assets/application.self-c9ea559197d8e370599e271feea181e2601153f3813e9f9e8b6911f7933fc2bc.css?body=1&livereload=1542658335917&livereload=1542657730923&livereload=1542657780427&livereload=1542658075934&livereload=1542658086887&livereload=1542658233273&livereload=1542658290545" for ::1 at 2018-11-19 12:12:15 -0800
Started GET "/assets/application.self-c9ea559197d8e370599e271feea181e2601153f3813e9f9e8b6911f7933fc2bc.css?body=1&livereload=1542658335917&livereload=1542657730923&livereload=1542657780427&livereload=1542658075934&livereload=1542658086887&livereload=1542658233273&livereload=1542658290545&livereload=1542658335917" for ::1 at 2018-11-19 12:12:15 -0800
Started GET "/assets/application.self-c9ea559197d8e370599e271feea181e2601153f3813e9f9e8b6911f7933fc2bc.css?body=1&livereload=1542658341767&livereload=1542657730923&livereload=1542657780427&livereload=1542658075934&livereload=1542658086887&livereload=1542658233273&livereload=1542658290545&livereload=1542658335917" for ::1 at 2018-11-19 12:12:21 -0800
Started GET "/assets/application.self-c9ea559197d8e370599e271feea181e2601153f3813e9f9e8b6911f7933fc2bc.css?body=1&livereload=1542658341768&livereload=1542657730923&livereload=1542657780427&livereload=1542658075934&livereload=1542658086887&livereload=1542658233273&livereload=1542658290545&livereload=1542658335917" for ::1 at 2018-11-19 12:12:21 -0800
Started GET "/assets/application.self-c9ea559197d8e370599e271feea181e2601153f3813e9f9e8b6911f7933fc2bc.css?body=1&livereload=1542658351153&livereload=1542657730923&livereload=1542657780427&livereload=1542658075934&livereload=1542658086887&livereload=1542658233273&livereload=1542658290545&livereload=1542658335917" for ::1 at 2018-11-19 12:12:31 -0800
Started GET "/assets/application.self-c9ea559197d8e370599e271feea181e2601153f3813e9f9e8b6911f7933fc2bc.css?body=1&livereload=1542658351154&livereload=1542657730923&livereload=1542657780427&livereload=1542658075934&livereload=1542658086887&livereload=1542658233273&livereload=1542658290545&livereload=1542658335917" for ::1 at 2018-11-19 12:12:31 -0800
Started GET "/assets/application.self-c9ea559197d8e370599e271feea181e2601153f3813e9f9e8b6911f7933fc2bc.css?body=1&livereload=1542658355612&livereload=1542657730923&livereload=1542657780427&livereload=1542658075934&livereload=1542658086887&livereload=1542658233273&livereload=1542658290545&livereload=1542658335917" for ::1 at 2018-11-19 12:12:35 -0800
Started GET "/assets/application.self-c9ea559197d8e370599e271feea181e2601153f3813e9f9e8b6911f7933fc2bc.css?body=1&livereload=1542658355613&livereload=1542657730923&livereload=1542657780427&livereload=1542658075934&livereload=1542658086887&livereload=1542658233273&livereload=1542658290545&livereload=1542658335917" for ::1 at 2018-11-19 12:12:35 -0800
Started GET "/assets/application.self-c9ea559197d8e370599e271feea181e2601153f3813e9f9e8b6911f7933fc2bc.css?body=1&livereload=1542658361188&livereload=1542657730923&livereload=1542657780427&livereload=1542658075934&livereload=1542658086887&livereload=1542658233273&livereload=1542658290545&livereload=1542658335917" for ::1 at 2018-11-19 12:12:41 -0800
Started GET "/assets/application.self-c9ea559197d8e370599e271feea181e2601153f3813e9f9e8b6911f7933fc2bc.css?body=1&livereload=1542658361189&livereload=1542657730923&livereload=1542657780427&livereload=1542658075934&livereload=1542658086887&livereload=1542658233273&livereload=1542658290545&livereload=1542658335917" for ::1 at 2018-11-19 12:12:41 -0800
Started GET "/assets/application.self-c9ea559197d8e370599e271feea181e2601153f3813e9f9e8b6911f7933fc2bc.css?body=1&livereload=1542658362019&livereload=1542657730923&livereload=1542657780427&livereload=1542658075934&livereload=1542658086887&livereload=1542658233273&livereload=1542658290545&livereload=1542658335917" for ::1 at 2018-11-19 12:12:42 -0800
Started GET "/assets/application.self-c9ea559197d8e370599e271feea181e2601153f3813e9f9e8b6911f7933fc2bc.css?body=1&livereload=1542658362020&livereload=1542657730923&livereload=1542657780427&livereload=1542658075934&livereload=1542658086887&livereload=1542658233273&livereload=1542658290545&livereload=1542658335917" for ::1 at 2018-11-19 12:12:42 -0800
Started GET "/assets/application.self-c9ea559197d8e370599e271feea181e2601153f3813e9f9e8b6911f7933fc2bc.css?body=1&livereload=1542658366205&livereload=1542657730923&livereload=1542657780427&livereload=1542658075934&livereload=1542658086887&livereload=1542658233273&livereload=1542658290545&livereload=1542658335917" for ::1 at 2018-11-19 12:12:46 -0800
Started GET "/assets/application.self-c9ea559197d8e370599e271feea181e2601153f3813e9f9e8b6911f7933fc2bc.css?body=1&livereload=1542658366206&livereload=1542657730923&livereload=1542657780427&livereload=1542658075934&livereload=1542658086887&livereload=1542658233273&livereload=1542658290545&livereload=1542658335917" for ::1 at 2018-11-19 12:12:46 -0800
Started GET "/assets/application.self-c9ea559197d8e370599e271feea181e2601153f3813e9f9e8b6911f7933fc2bc.css?body=1&livereload=1542658373088&livereload=1542657730923&livereload=1542657780427&livereload=1542658075934&livereload=1542658086887&livereload=1542658233273&livereload=1542658290545&livereload=1542658335917" for ::1 at 2018-11-19 12:12:53 -0800
Started GET "/assets/application.self-c9ea559197d8e370599e271feea181e2601153f3813e9f9e8b6911f7933fc2bc.css?body=1&livereload=1542658373089&livereload=1542657730923&livereload=1542657780427&livereload=1542658075934&livereload=1542658086887&livereload=1542658233273&livereload=1542658290545&livereload=1542658335917" for ::1 at 2018-11-19 12:12:53 -0800
